

Microchip Technology PIC LITE Macro Assembler V1.40 build -251452761 
                                                                                               Mon Jan 30 23:47:53 2017

Microchip Technology Omniscient Code Generator v1.40 (Free mode) build 201612010151
     1                           	processor	16F877A
     2                           	opt	pw 120
     3                           	opt	lm
     4                           	psect	stringtext,global,reloc=256,class=STRCODE,delta=2
     5                           	psect	cinit,global,class=CODE,merge=1,delta=2
     6                           	psect	bssCOMMON,global,class=COMMON,space=1,delta=1
     7                           	psect	bssBANK0,global,class=BANK0,space=1,delta=1
     8                           	psect	clrtext,global,class=CODE,delta=2
     9                           	psect	cstackCOMMON,global,class=COMMON,space=1,delta=1
    10                           	psect	maintext,global,class=CODE,split=1,delta=2
    11                           	psect	text1,local,class=CODE,merge=1,delta=2
    12                           	psect	text2,local,class=CODE,merge=1,delta=2
    13                           	psect	text3,local,class=CODE,merge=1,delta=2
    14                           	dabs	1,0x7E,2
    15  0000                     
    16                           ; Version 1.40
    17                           ; Generated 01/12/2016 GMT
    18                           ; 
    19                           ; Copyright © 2016, Microchip Technology Inc. and its subsidiaries ("Microchip")
    20                           ; All rights reserved.
    21                           ; 
    22                           ; This software is developed by Microchip Technology Inc. and its subsidiaries ("Microch
      +                          ip").
    23                           ; 
    24                           ; Redistribution and use in source and binary forms, with or without modification, are
    25                           ; permitted provided that the following conditions are met:
    26                           ; 
    27                           ;     1. Redistributions of source code must retain the above copyright notice, this lis
      +                          t of
    28                           ;        conditions and the following disclaimer.
    29                           ; 
    30                           ;     2. Redistributions in binary form must reproduce the above copyright notice, this 
      +                          list
    31                           ;        of conditions and the following disclaimer in the documentation and/or other
    32                           ;        materials provided with the distribution.
    33                           ; 
    34                           ;     3. Microchip's name may not be used to endorse or promote products derived from th
      +                          is
    35                           ;        software without specific prior written permission.
    36                           ; 
    37                           ; THIS SOFTWARE IS PROVIDED BY MICROCHIP "AS IS" AND ANY EXPRESS OR IMPLIED WARRANTIES,
    38                           ; INCLUDING, BUT NOT LIMITED TO, THE IMPLIED WARRANTIES OF MERCHANTABILITY AND FITNESS F
      +                          OR
    39                           ; PURPOSE ARE DISCLAIMED.  IN NO EVENT SHALL MICROCHIP BE LIABLE FOR ANY DIRECT, INDIREC
      +                          T,
    40                           ; INCIDENTAL, SPECIAL, EXEMPLARY, OR CONSEQUENTIAL DAMAGES (INCLUDING BUT NOT LIMITED TO
    41                           ; PROCUREMENT OF SUBSTITUTE GOODS OR SERVICES; LOSS OF USE, DATA OR PROFITS; OR BUSINESS
    42                           ; INTERRUPTION) HOWSOEVER CAUSED AND ON ANY THEORY OF LIABILITY, WHETHER IN CONTRACT, ST
      +                          RICT
    43                           ; LIABILITY, OR TORT (INCLUDING NEGLIGENCE OR OTHERWISE) ARISING IN ANY WAY OUT OF THE U
      +                          SE OF
    44                           ; THIS SOFTWARE, EVEN IF ADVISED OF THE POSSIBILITY OF SUCH DAMAGE.
    45                           ; 
    46                           ; 
    47                           ; Code-generator required, PIC16F877A Definitions
    48                           ; 
    49                           ; SFR Addresses
    50  0000                     	;# 
    51  0001                     	;# 
    52  0002                     	;# 
    53  0003                     	;# 
    54  0004                     	;# 
    55  0005                     	;# 
    56  0006                     	;# 
    57  0007                     	;# 
    58  0008                     	;# 
    59  0009                     	;# 
    60  000A                     	;# 
    61  000B                     	;# 
    62  000C                     	;# 
    63  000D                     	;# 
    64  000E                     	;# 
    65  000E                     	;# 
    66  000F                     	;# 
    67  0010                     	;# 
    68  0011                     	;# 
    69  0012                     	;# 
    70  0013                     	;# 
    71  0014                     	;# 
    72  0015                     	;# 
    73  0015                     	;# 
    74  0016                     	;# 
    75  0017                     	;# 
    76  0018                     	;# 
    77  0019                     	;# 
    78  001A                     	;# 
    79  001B                     	;# 
    80  001B                     	;# 
    81  001C                     	;# 
    82  001D                     	;# 
    83  001E                     	;# 
    84  001F                     	;# 
    85  0081                     	;# 
    86  0085                     	;# 
    87  0086                     	;# 
    88  0087                     	;# 
    89  0088                     	;# 
    90  0089                     	;# 
    91  008C                     	;# 
    92  008D                     	;# 
    93  008E                     	;# 
    94  0091                     	;# 
    95  0092                     	;# 
    96  0093                     	;# 
    97  0094                     	;# 
    98  0098                     	;# 
    99  0099                     	;# 
   100  009C                     	;# 
   101  009D                     	;# 
   102  009E                     	;# 
   103  009F                     	;# 
   104  010C                     	;# 
   105  010D                     	;# 
   106  010E                     	;# 
   107  010F                     	;# 
   108  018C                     	;# 
   109  018D                     	;# 
   110                           
   111                           	psect	stringtext
   112  0800                     __pstringtext:	
   113  0800                     stringtab:	
   114  0800                     __stringtab:	
   115                           
   116                           ;	String table - string pointers are 2 bytes each
   117  0800  1BFF               	btfsc	btemp+1,7
   118  0801  280A               	ljmp	stringcode
   119  0802  1383               	bcf	3,7
   120  0803  187F               	btfsc	btemp+1,0
   121  0804  1783               	bsf	3,7
   122  0805  0800               	movf	0,w
   123  0806  0A84               	incf	4,f
   124  0807  1903               	skipnz
   125  0808  0AFF               	incf	btemp+1,f
   126  0809  0008               	return
   127  080A                     stringcode:	
   128  080A  087F               	movf	btemp+1,w
   129  080B  397F               	andlw	127
   130  080C  008A               	movwf	10
   131  080D  0804               	movf	4,w
   132  080E  0A84               	incf	4,f
   133  080F  1903               	skipnz
   134  0810  0AFF               	incf	btemp+1,f
   135  0811  0082               	movwf	2
   136  0812                     __stringbase:	
   137  0812                     __end_of__stringtab:	
   138  0812                     _codedu_lieu_cot:	
   139  0812  34FF               	retlw	255
   140  0813  34FF               	retlw	255
   141  0814  34FF               	retlw	255
   142  0815  34FF               	retlw	255
   143  0816  34FF               	retlw	255
   144  0817  34FF               	retlw	255
   145  0818  34FF               	retlw	255
   146  0819  34FF               	retlw	255
   147  081A  34FF               	retlw	255
   148  081B  34FF               	retlw	255
   149  081C  34FF               	retlw	255
   150  081D  34FF               	retlw	255
   151  081E  34FF               	retlw	255
   152  081F  34FF               	retlw	255
   153  0820  34FF               	retlw	255
   154  0821  34FF               	retlw	255
   155  0822  34FF               	retlw	255
   156  0823  34FF               	retlw	255
   157  0824  34FF               	retlw	255
   158  0825  34FF               	retlw	255
   159  0826  34FF               	retlw	255
   160  0827  34FF               	retlw	255
   161  0828  34FF               	retlw	255
   162  0829  34FF               	retlw	255
   163  082A  34FF               	retlw	255
   164  082B  34FF               	retlw	255
   165  082C  34FF               	retlw	255
   166  082D  34FF               	retlw	255
   167  082E  34FF               	retlw	255
   168  082F  34FF               	retlw	255
   169  0830  34FF               	retlw	255
   170  0831  34FF               	retlw	255
   171  0832  34FF               	retlw	255
   172  0833  34FF               	retlw	255
   173  0834  34FF               	retlw	255
   174  0835  34FF               	retlw	255
   175  0836  34FF               	retlw	255
   176  0837  34FF               	retlw	255
   177  0838  34FF               	retlw	255
   178  0839  34FF               	retlw	255
   179  083A  34FF               	retlw	255
   180  083B  34FF               	retlw	255
   181  083C  34FF               	retlw	255
   182  083D  34FF               	retlw	255
   183  083E  34FF               	retlw	255
   184  083F  34FF               	retlw	255
   185  0840  34FF               	retlw	255
   186  0841  34FF               	retlw	255
   187  0842  34FF               	retlw	255
   188  0843  34FF               	retlw	255
   189  0844  34FF               	retlw	255
   190  0845  34FF               	retlw	255
   191  0846  34FF               	retlw	255
   192  0847  34FF               	retlw	255
   193  0848  34FF               	retlw	255
   194  0849  34FF               	retlw	255
   195  084A  34FF               	retlw	255
   196  084B  34FF               	retlw	255
   197  084C  34FF               	retlw	255
   198  084D  34FF               	retlw	255
   199  084E  34FF               	retlw	255
   200  084F  34FF               	retlw	255
   201  0850  34FF               	retlw	255
   202  0851  34FF               	retlw	255
   203  0852  34FF               	retlw	255
   204  0853  34FF               	retlw	255
   205  0854  34FF               	retlw	255
   206  0855  34FF               	retlw	255
   207  0856  34FF               	retlw	255
   208  0857  34FF               	retlw	255
   209  0858  34FF               	retlw	255
   210  0859  34FF               	retlw	255
   211  085A  34FF               	retlw	255
   212  085B  34FF               	retlw	255
   213  085C  34FF               	retlw	255
   214  085D  34FF               	retlw	255
   215  085E  34FF               	retlw	255
   216  085F  34FF               	retlw	255
   217  0860  34FF               	retlw	255
   218  0861  34FF               	retlw	255
   219  0862  34FF               	retlw	255
   220  0863  34FF               	retlw	255
   221  0864  34FF               	retlw	255
   222  0865  34FF               	retlw	255
   223  0866  34FF               	retlw	255
   224  0867  34FF               	retlw	255
   225  0868  34FF               	retlw	255
   226  0869  34FF               	retlw	255
   227  086A  34FF               	retlw	255
   228  086B  34FF               	retlw	255
   229  086C  34FF               	retlw	255
   230  086D  34FF               	retlw	255
   231  086E  34FF               	retlw	255
   232  086F  34FF               	retlw	255
   233  0870  34FF               	retlw	255
   234  0871  34FF               	retlw	255
   235  0872  34FF               	retlw	255
   236  0873  34FF               	retlw	255
   237  0874  34FF               	retlw	255
   238  0875  34FF               	retlw	255
   239  0876  34FF               	retlw	255
   240  0877  34FF               	retlw	255
   241  0878  34FF               	retlw	255
   242  0879  34FF               	retlw	255
   243  087A  34FF               	retlw	255
   244  087B  34FF               	retlw	255
   245  087C  34FF               	retlw	255
   246  087D  34FF               	retlw	255
   247  087E  34FF               	retlw	255
   248  087F  34FF               	retlw	255
   249  0880  34FF               	retlw	255
   250  0881  34FF               	retlw	255
   251  0882  34FF               	retlw	255
   252  0883  34FF               	retlw	255
   253  0884  34FF               	retlw	255
   254  0885  34FF               	retlw	255
   255  0886  34FF               	retlw	255
   256  0887  34FF               	retlw	255
   257  0888  34FF               	retlw	255
   258  0889  34FF               	retlw	255
   259  088A  34FF               	retlw	255
   260  088B  34FF               	retlw	255
   261  088C  34FF               	retlw	255
   262  088D  34FF               	retlw	255
   263  088E  34FF               	retlw	255
   264  088F  34FF               	retlw	255
   265  0890  34FF               	retlw	255
   266  0891  34FF               	retlw	255
   267  0892  34FF               	retlw	255
   268  0893  34FF               	retlw	255
   269  0894  34FF               	retlw	255
   270  0895  34FF               	retlw	255
   271  0896  34FF               	retlw	255
   272  0897  34FF               	retlw	255
   273  0898  34FF               	retlw	255
   274  0899  34FF               	retlw	255
   275  089A  34FF               	retlw	255
   276  089B  34FF               	retlw	255
   277  089C  34FF               	retlw	255
   278  089D  34FF               	retlw	255
   279  089E  34FF               	retlw	255
   280  089F  34FF               	retlw	255
   281  08A0  34FF               	retlw	255
   282  08A1  34FF               	retlw	255
   283  08A2  34FF               	retlw	255
   284  08A3  34FF               	retlw	255
   285  08A4  34FF               	retlw	255
   286  08A5  34FF               	retlw	255
   287  08A6  34FF               	retlw	255
   288  08A7  34FF               	retlw	255
   289  08A8  34FF               	retlw	255
   290  08A9  34FF               	retlw	255
   291  08AA  34FF               	retlw	255
   292  08AB  34FF               	retlw	255
   293  08AC  34FF               	retlw	255
   294  08AD  34FF               	retlw	255
   295  08AE  34FF               	retlw	255
   296  08AF  34FF               	retlw	255
   297  08B0  34FF               	retlw	255
   298  08B1  34FF               	retlw	255
   299  08B2  34FF               	retlw	255
   300  08B3  34FF               	retlw	255
   301  08B4  34FF               	retlw	255
   302  08B5  34FF               	retlw	255
   303  08B6  34FF               	retlw	255
   304  08B7  34FF               	retlw	255
   305  08B8  34FF               	retlw	255
   306  08B9  34FF               	retlw	255
   307  08BA  34FF               	retlw	255
   308  08BB  34FF               	retlw	255
   309  08BC  34FF               	retlw	255
   310  08BD  34FF               	retlw	255
   311  08BE  34FF               	retlw	255
   312  08BF  34FF               	retlw	255
   313  08C0  34FF               	retlw	255
   314  08C1  34FF               	retlw	255
   315  08C2  34FF               	retlw	255
   316  08C3  34FF               	retlw	255
   317  08C4  34FF               	retlw	255
   318  08C5  34FF               	retlw	255
   319  08C6  34FF               	retlw	255
   320  08C7  34FF               	retlw	255
   321  08C8  34FF               	retlw	255
   322  08C9  34FF               	retlw	255
   323  08CA  34FF               	retlw	255
   324  08CB  34FF               	retlw	255
   325  08CC  34FF               	retlw	255
   326  08CD  34FF               	retlw	255
   327  08CE  34FF               	retlw	255
   328  08CF  34FF               	retlw	255
   329  08D0  34FF               	retlw	255
   330  08D1  34FF               	retlw	255
   331  08D2  34FF               	retlw	255
   332  08D3  34FF               	retlw	255
   333  08D4  34FF               	retlw	255
   334  08D5  34FF               	retlw	255
   335  08D6  34FF               	retlw	255
   336  08D7  34FF               	retlw	255
   337  08D8  34FF               	retlw	255
   338  08D9  34FF               	retlw	255
   339  08DA  34FF               	retlw	255
   340  08DB  34FF               	retlw	255
   341  08DC  34FF               	retlw	255
   342  08DD  34FF               	retlw	255
   343  08DE  34FF               	retlw	255
   344  08DF  34FF               	retlw	255
   345  08E0  34FF               	retlw	255
   346  08E1  34FF               	retlw	255
   347  08E2  34FF               	retlw	255
   348  08E3  34FF               	retlw	255
   349  08E4  34FF               	retlw	255
   350  08E5  34FF               	retlw	255
   351  08E6  34FF               	retlw	255
   352  08E7  34FF               	retlw	255
   353  08E8  34FF               	retlw	255
   354  08E9  34FF               	retlw	255
   355  08EA  34FF               	retlw	255
   356  08EB  34FF               	retlw	255
   357  08EC  34FF               	retlw	255
   358  08ED  34FF               	retlw	255
   359  08EE  34FF               	retlw	255
   360  08EF  34FF               	retlw	255
   361  08F0  34FF               	retlw	255
   362  08F1  34FF               	retlw	255
   363  08F2  34FF               	retlw	255
   364  08F3  34FF               	retlw	255
   365  08F4  34FF               	retlw	255
   366  08F5  34FF               	retlw	255
   367  08F6  34FF               	retlw	255
   368  08F7  34FF               	retlw	255
   369  08F8  34FF               	retlw	255
   370  08F9  34FF               	retlw	255
   371  08FA  34FF               	retlw	255
   372  08FB  34FF               	retlw	255
   373  08FC  34FF               	retlw	255
   374  08FD  34FF               	retlw	255
   375  08FE  34FF               	retlw	255
   376  08FF  34FF               	retlw	255
   377  0900  34FF               	retlw	255
   378  0901  34FF               	retlw	255
   379  0902  34FF               	retlw	255
   380  0903  34FF               	retlw	255
   381  0904  34FF               	retlw	255
   382  0905  34FF               	retlw	255
   383  0906  34FF               	retlw	255
   384  0907  34FF               	retlw	255
   385  0908  34FF               	retlw	255
   386  0909  34FF               	retlw	255
   387  090A  34FF               	retlw	255
   388  090B  34FF               	retlw	255
   389  090C  34FF               	retlw	255
   390  090D  34FF               	retlw	255
   391  090E  34FF               	retlw	255
   392  090F  34FF               	retlw	255
   393  0910  34FF               	retlw	255
   394  0911  34FF               	retlw	255
   395  0912  3400               	retlw	0
   396  0913  3400               	retlw	0
   397  0914  3400               	retlw	0
   398  0915  34FF               	retlw	255
   399  0916  34FF               	retlw	255
   400  0917  34FF               	retlw	255
   401  0918  34FF               	retlw	255
   402  0919  34FF               	retlw	255
   403  091A  34FF               	retlw	255
   404  091B  34FF               	retlw	255
   405  091C  34FF               	retlw	255
   406  091D  34FF               	retlw	255
   407  091E  34FF               	retlw	255
   408  091F  34FF               	retlw	255
   409  0920  34FF               	retlw	255
   410  0921  34FF               	retlw	255
   411  0922  34FF               	retlw	255
   412  0923  34FF               	retlw	255
   413  0924  34FF               	retlw	255
   414  0925  34FF               	retlw	255
   415  0926  34FF               	retlw	255
   416  0927  34FF               	retlw	255
   417  0928  34FF               	retlw	255
   418  0929  34FF               	retlw	255
   419  092A  34FF               	retlw	255
   420  092B  34FF               	retlw	255
   421  092C  34FF               	retlw	255
   422  092D  34FF               	retlw	255
   423  092E  34FF               	retlw	255
   424  092F  34FF               	retlw	255
   425  0930  34FF               	retlw	255
   426  0931  34FF               	retlw	255
   427  0932  34FF               	retlw	255
   428  0933  34FF               	retlw	255
   429  0934  34FF               	retlw	255
   430  0935  34FF               	retlw	255
   431  0936  34FF               	retlw	255
   432  0937  34FF               	retlw	255
   433  0938  34FF               	retlw	255
   434  0939  34FF               	retlw	255
   435  093A  34FF               	retlw	255
   436  093B  34FF               	retlw	255
   437  093C  34FF               	retlw	255
   438  093D  34FF               	retlw	255
   439  093E  34FF               	retlw	255
   440  093F  34FF               	retlw	255
   441  0940  34FF               	retlw	255
   442  0941  34FF               	retlw	255
   443  0942  34FF               	retlw	255
   444  0943  34FF               	retlw	255
   445  0944  34FF               	retlw	255
   446  0945  34FF               	retlw	255
   447  0946  34FF               	retlw	255
   448  0947  34FF               	retlw	255
   449  0948  34FF               	retlw	255
   450  0949  34FF               	retlw	255
   451  094A  34FF               	retlw	255
   452  094B  34FF               	retlw	255
   453  094C  34FF               	retlw	255
   454  094D  34FF               	retlw	255
   455  094E  34FF               	retlw	255
   456  094F  34FF               	retlw	255
   457  0950  34FF               	retlw	255
   458  0951  34FF               	retlw	255
   459  0952  34FF               	retlw	255
   460  0953  34FF               	retlw	255
   461  0954  34FF               	retlw	255
   462  0955  34FF               	retlw	255
   463  0956  34FF               	retlw	255
   464  0957  34FF               	retlw	255
   465  0958  34FF               	retlw	255
   466  0959  34FF               	retlw	255
   467  095A  34FF               	retlw	255
   468  095B  34FF               	retlw	255
   469  095C  34FF               	retlw	255
   470  095D  34FF               	retlw	255
   471  095E  34FF               	retlw	255
   472  095F  34FF               	retlw	255
   473  0960  34FF               	retlw	255
   474  0961  34FF               	retlw	255
   475  0962  34FF               	retlw	255
   476  0963  34FF               	retlw	255
   477  0964  34FF               	retlw	255
   478  0965  34FF               	retlw	255
   479  0966  34FF               	retlw	255
   480  0967  34FF               	retlw	255
   481  0968  34FF               	retlw	255
   482  0969  34FF               	retlw	255
   483  096A  34FF               	retlw	255
   484  096B  34FF               	retlw	255
   485  096C  34FF               	retlw	255
   486  096D  34FF               	retlw	255
   487  096E  34FF               	retlw	255
   488  096F  34FF               	retlw	255
   489  0970  34FF               	retlw	255
   490  0971  34FF               	retlw	255
   491  0972  34FF               	retlw	255
   492  0973  34FF               	retlw	255
   493  0974  34FF               	retlw	255
   494  0975  34FF               	retlw	255
   495  0976  34FF               	retlw	255
   496  0977  34FF               	retlw	255
   497  0978  34FF               	retlw	255
   498  0979  34FF               	retlw	255
   499  097A  34FF               	retlw	255
   500  097B  34FF               	retlw	255
   501  097C  34FF               	retlw	255
   502  097D  34FF               	retlw	255
   503  097E  34FF               	retlw	255
   504  097F  34FF               	retlw	255
   505  0980  34FF               	retlw	255
   506  0981  34FF               	retlw	255
   507  0982  34FF               	retlw	255
   508  0983  34FF               	retlw	255
   509  0984  34FF               	retlw	255
   510  0985  34FF               	retlw	255
   511  0986  34FF               	retlw	255
   512  0987  34FF               	retlw	255
   513  0988  34FF               	retlw	255
   514  0989  34FF               	retlw	255
   515  098A  34FF               	retlw	255
   516  098B  34FF               	retlw	255
   517  098C  34FF               	retlw	255
   518  098D  34FF               	retlw	255
   519  098E  34FF               	retlw	255
   520  098F  34FF               	retlw	255
   521  0990  34FF               	retlw	255
   522  0991  34FF               	retlw	255
   523  0992  34FF               	retlw	255
   524  0993  34FF               	retlw	255
   525  0994  34FF               	retlw	255
   526  0995  34FF               	retlw	255
   527  0996  34FF               	retlw	255
   528  0997  34FF               	retlw	255
   529  0998  34FF               	retlw	255
   530  0999  34FF               	retlw	255
   531  099A  34FF               	retlw	255
   532  099B  34FF               	retlw	255
   533  099C  34FF               	retlw	255
   534  099D  34FF               	retlw	255
   535  099E  34FF               	retlw	255
   536  099F  34FF               	retlw	255
   537  09A0  34FF               	retlw	255
   538  09A1  34FF               	retlw	255
   539  09A2  34FF               	retlw	255
   540  09A3  34FF               	retlw	255
   541  09A4  34FF               	retlw	255
   542  09A5  34FF               	retlw	255
   543  09A6  34FF               	retlw	255
   544  09A7  34FF               	retlw	255
   545  09A8  34FF               	retlw	255
   546  09A9  34FF               	retlw	255
   547  09AA  34FF               	retlw	255
   548  09AB  34FF               	retlw	255
   549  09AC  34FF               	retlw	255
   550  09AD  34FF               	retlw	255
   551  09AE  34FF               	retlw	255
   552  09AF  34FF               	retlw	255
   553  09B0  34FF               	retlw	255
   554  09B1  34FF               	retlw	255
   555  09B2  34FF               	retlw	255
   556  09B3  34FF               	retlw	255
   557  09B4  34FF               	retlw	255
   558  09B5  34FF               	retlw	255
   559  09B6  34FF               	retlw	255
   560  09B7  34FF               	retlw	255
   561  09B8  34FF               	retlw	255
   562  09B9  34FF               	retlw	255
   563  09BA  34FF               	retlw	255
   564  09BB  34FF               	retlw	255
   565  09BC  34FF               	retlw	255
   566  09BD  34FF               	retlw	255
   567  09BE  34FF               	retlw	255
   568  09BF  34FF               	retlw	255
   569  09C0  34FF               	retlw	255
   570  09C1  34FF               	retlw	255
   571  09C2  34FF               	retlw	255
   572  09C3  34FF               	retlw	255
   573  09C4  34FF               	retlw	255
   574  09C5  34FF               	retlw	255
   575  09C6  34FF               	retlw	255
   576  09C7  34FF               	retlw	255
   577  09C8  34FF               	retlw	255
   578  09C9  34FF               	retlw	255
   579  09CA  34FF               	retlw	255
   580  09CB  34FF               	retlw	255
   581  09CC  34FF               	retlw	255
   582  09CD  34FF               	retlw	255
   583  09CE  34FF               	retlw	255
   584  09CF  34FF               	retlw	255
   585  09D0  34FF               	retlw	255
   586  09D1  34FF               	retlw	255
   587  09D2  34FF               	retlw	255
   588  09D3  34FF               	retlw	255
   589  09D4  34FF               	retlw	255
   590  09D5  34FF               	retlw	255
   591  09D6  34FF               	retlw	255
   592  09D7  34FF               	retlw	255
   593  09D8  34FF               	retlw	255
   594  09D9  34FF               	retlw	255
   595  09DA  34FF               	retlw	255
   596  09DB  34FF               	retlw	255
   597  09DC  34FF               	retlw	255
   598  09DD  34FF               	retlw	255
   599  09DE  34FF               	retlw	255
   600  09DF  34FF               	retlw	255
   601  09E0  34FF               	retlw	255
   602  09E1  34FF               	retlw	255
   603  09E2  34FF               	retlw	255
   604  09E3  34FF               	retlw	255
   605  09E4  34FF               	retlw	255
   606  09E5  34FF               	retlw	255
   607  09E6  34FF               	retlw	255
   608  09E7  34FF               	retlw	255
   609  09E8  34FF               	retlw	255
   610  09E9  34FF               	retlw	255
   611  09EA  34FF               	retlw	255
   612  09EB  34FF               	retlw	255
   613  09EC  34FF               	retlw	255
   614  09ED  34FF               	retlw	255
   615  09EE  34FF               	retlw	255
   616  09EF  34FF               	retlw	255
   617  09F0  34FF               	retlw	255
   618  09F1  34FF               	retlw	255
   619  09F2  34FF               	retlw	255
   620  09F3  34FF               	retlw	255
   621  09F4  34FF               	retlw	255
   622  09F5                     __end_of_codedu_lieu_cot:	
   623  0007                     _PORTC	set	7
   624  0007                     _PORTCbits	set	7
   625  0008                     _PORTD	set	8
   626  0087                     _TRISC	set	135
   627  0088                     _TRISD	set	136
   628                           
   629                           ; #config settings
   630  0000                     
   631                           	psect	cinit
   632  07F0                     start_initialization:	
   633  07F0                     __initialization:	
   634                           
   635                           ; Clear objects allocated to COMMON
   636  07F0  01F9               	clrf	__pbssCOMMON& (0+127)
   637  07F1  01FA               	clrf	(__pbssCOMMON+1)& (0+127)
   638  07F2  01FB               	clrf	(__pbssCOMMON+2)& (0+127)
   639  07F3  01FC               	clrf	(__pbssCOMMON+3)& (0+127)
   640  07F4  01FD               	clrf	(__pbssCOMMON+4)& (0+127)
   641                           
   642                           ; Clear objects allocated to BANK0
   643  07F5  1383               	bcf	3,7	;select IRP bank0
   644  07F6  3020               	movlw	low __pbssBANK0
   645  07F7  0084               	movwf	4
   646  07F8  3042               	movlw	low (__pbssBANK0+34)
   647  07F9  120A  118A  2722   	fcall	clear_ram0
   648  07FC                     end_of_initialization:	
   649                           ;End of C runtime variable initialization code
   650                           
   651  07FC                     __end_of__initialization:	
   652  07FC  0183               	clrf	3
   653  07FD  120A  118A  2F2A   	ljmp	_main	;jump to C main() function
   654                           
   655                           	psect	bssCOMMON
   656  0079                     __pbssCOMMON:	
   657  0079                     _a:	
   658  0079                     	ds	1
   659  007A                     _h:	
   660  007A                     	ds	1
   661  007B                     _socot:	
   662  007B                     	ds	1
   663  007C                     _sohang:	
   664  007C                     	ds	1
   665  007D                     _tocdo:	
   666  007D                     	ds	1
   667                           
   668                           	psect	bssBANK0
   669  0020                     __pbssBANK0:	
   670  0020                     _khung_du_lieu:	
   671  0020                     	ds	32
   672  0040                     _g:	
   673  0040                     	ds	1
   674  0041                     _maled:	
   675  0041                     	ds	1
   676                           
   677                           	psect	clrtext
   678  0722                     clear_ram0:	
   679                           ;	Called with FSR containing the base address, and
   680                           ;	W with the last address+1
   681                           
   682  0722  0064               	clrwdt	;clear the watchdog before getting into this loop
   683  0723                     clrloop0:	
   684  0723  0180               	clrf	0	;clear RAM location pointed to by FSR
   685  0724  0A84               	incf	4,f	;increment pointer
   686  0725  0604               	xorwf	4,w	;XOR with final address
   687  0726  1903               	btfsc	3,2	;have we reached the end yet?
   688  0727  3400               	retlw	0	;all done for this memory range, return
   689  0728  0604               	xorwf	4,w	;XOR again to restore value
   690  0729  2F23               	goto	clrloop0	;do the next byte
   691                           
   692                           	psect	cstackCOMMON
   693  0070                     __pcstackCOMMON:	
   694  0070                     ?_tonghop:	
   695  0070                     ?_main:	
   696                           ; 1 bytes @ 0x0
   697                           
   698  0070                     ?_delay_ms:	
   699                           ; 1 bytes @ 0x0
   700                           
   701  0070                     ?_load:	
   702                           ; 1 bytes @ 0x0
   703                           
   704  0070                     delay_ms@ms:	
   705                           ; 1 bytes @ 0x0
   706                           
   707  0070                     load@u:	
   708                           ; 2 bytes @ 0x0
   709                           
   710                           
   711                           ; 2 bytes @ 0x0
   712  0070                     	ds	2
   713  0072                     ??_delay_ms:	
   714  0072                     ??_load:	
   715                           ; 1 bytes @ 0x2
   716                           
   717                           
   718                           ; 1 bytes @ 0x2
   719  0072                     	ds	1
   720  0073                     load@i:	
   721  0073                     delay_ms@i:	
   722                           ; 1 bytes @ 0x3
   723                           
   724                           
   725                           ; 2 bytes @ 0x3
   726  0073                     	ds	2
   727  0075                     delay_ms@j:	
   728                           
   729                           ; 1 bytes @ 0x5
   730  0075                     	ds	1
   731  0076                     ??_tonghop:	
   732                           
   733                           ; 1 bytes @ 0x6
   734  0076                     	ds	2
   735  0078                     tonghop@i:	
   736                           
   737                           ; 1 bytes @ 0x8
   738  0078                     	ds	1
   739  0079                     ??_main:	
   740                           
   741                           	psect	maintext
   742  072A                     __pmaintext:	
   743                           ; 1 bytes @ 0x9
   744 ;;
   745 ;;Main: autosize = 0, tempsize = 0, incstack = 0, save=0
   746 ;;
   747 ;; *************** function _main *****************
   748 ;; Defined at:
   749 ;;		line 44 in file "lcd.c"
   750 ;; Parameters:    Size  Location     Type
   751 ;;		None
   752 ;; Auto vars:     Size  Location     Type
   753 ;;		None
   754 ;; Return value:  Size  Location     Type
   755 ;;                  1    wreg      void 
   756 ;; Registers used:
   757 ;;		wreg, fsr0l, fsr0h, status,2, status,0, btemp+1, pclath, cstack
   758 ;; Tracked objects:
   759 ;;		On entry : B00/0
   760 ;;		On exit  : 0/0
   761 ;;		Unchanged: 0/0
   762 ;; Data sizes:     COMMON   BANK0   BANK1   BANK3   BANK2
   763 ;;      Params:         0       0       0       0       0
   764 ;;      Locals:         0       0       0       0       0
   765 ;;      Temps:          0       0       0       0       0
   766 ;;      Totals:         0       0       0       0       0
   767 ;;Total ram usage:        0 bytes
   768 ;; Hardware stack levels required when called:    3
   769 ;; This function calls:
   770 ;;		_tonghop
   771 ;; This function is called by:
   772 ;;		Startup code after reset
   773 ;; This function uses a non-reentrant model
   774 ;;
   775                           
   776                           
   777                           ;psect for function _main
   778  072A                     _main:	
   779                           
   780                           ;lcd.c: 46: TRISD = 0X00;
   781                           
   782                           ;incstack = 0
   783                           ; Regs used in _main: [wreg-fsr0h+status,2+status,0+btemp+1+pclath+cstack]
   784  072A  1683               	bsf	3,5	;RP0=1, select bank1
   785  072B  1303               	bcf	3,6	;RP1=0, select bank1
   786  072C  0188               	clrf	8	;volatile
   787                           
   788                           ;lcd.c: 47: TRISC = 0X00;
   789  072D  0187               	clrf	7	;volatile
   790                           
   791                           ;lcd.c: 48: PORTD=0xff;
   792  072E  30FF               	movlw	255
   793  072F  1283               	bcf	3,5	;RP0=0, select bank0
   794  0730  1303               	bcf	3,6	;RP1=0, select bank0
   795  0731  0088               	movwf	8	;volatile
   796                           
   797                           ;lcd.c: 49: PORTC=0x00;
   798  0732  0187               	clrf	7	;volatile
   799                           
   800                           ;lcd.c: 52: tonghop();
   801  0733  120A  118A  277D   	fcall	_tonghop
   802  0736  120A  118A  2800   	ljmp	start
   803  0739                     __end_of_main:	
   804                           
   805                           	psect	text1
   806  077D                     __ptext1:	
   807 ;; *************** function _tonghop *****************
   808 ;; Defined at:
   809 ;;		line 75 in file "lcd.c"
   810 ;; Parameters:    Size  Location     Type
   811 ;;		None
   812 ;; Auto vars:     Size  Location     Type
   813 ;;  i               1    8[COMMON] unsigned char 
   814 ;; Return value:  Size  Location     Type
   815 ;;                  1    wreg      void 
   816 ;; Registers used:
   817 ;;		wreg, fsr0l, fsr0h, status,2, status,0, btemp+1, pclath, cstack
   818 ;; Tracked objects:
   819 ;;		On entry : 0/0
   820 ;;		On exit  : 0/0
   821 ;;		Unchanged: 0/0
   822 ;; Data sizes:     COMMON   BANK0   BANK1   BANK3   BANK2
   823 ;;      Params:         0       0       0       0       0
   824 ;;      Locals:         1       0       0       0       0
   825 ;;      Temps:          2       0       0       0       0
   826 ;;      Totals:         3       0       0       0       0
   827 ;;Total ram usage:        3 bytes
   828 ;; Hardware stack levels used:    1
   829 ;; Hardware stack levels required when called:    2
   830 ;; This function calls:
   831 ;;		_delay_ms
   832 ;;		_load
   833 ;; This function is called by:
   834 ;;		_main
   835 ;; This function uses a non-reentrant model
   836 ;;
   837                           
   838                           
   839                           ;psect for function _tonghop
   840  077D                     _tonghop:	
   841                           
   842                           ;lcd.c: 77: unsigned char i;
   843                           ;lcd.c: 78: for(socot=0;socot<106;socot++)
   844                           
   845                           ;incstack = 0
   846                           ; Regs used in _tonghop: [wreg-fsr0h+status,2+status,0+btemp+1+pclath+cstack]
   847  077D  01FB               	clrf	_socot
   848  077E                     L1:	
   849  077E  306A               	movlw	106
   850  077F  027B               	subwf	_socot,w
   851  0780  1803               	btfsc	3,0
   852  0781  0008               	return
   853                           
   854                           ;lcd.c: 79: {
   855                           ;lcd.c: 80: load(socot);
   856  0782  087B               	movf	_socot,w
   857  0783  00F6               	movwf	??_tonghop
   858  0784  01F7               	clrf	??_tonghop+1
   859  0785  0876               	movf	??_tonghop,w
   860  0786  00F0               	movwf	load@u
   861  0787  0877               	movf	??_tonghop+1,w
   862  0788  00F1               	movwf	load@u+1
   863  0789  120A  118A  2757  120A  118A  	fcall	_load
   864                           
   865                           ;lcd.c: 81: for(tocdo=0;tocdo<10;tocdo++)
   866  078E  01FD               	clrf	_tocdo
   867  078F  300A               	movlw	10
   868  0790  027D               	subwf	_tocdo,w
   869  0791  1803               	btfsc	3,0
   870  0792  2FEB               	goto	l699
   871  0793                     l657:	
   872                           
   873                           ;lcd.c: 82: {
   874                           ;lcd.c: 83: a=0xfe;
   875  0793  30FE               	movlw	254
   876  0794  00F6               	movwf	??_tonghop
   877  0795  0876               	movf	??_tonghop,w
   878  0796  00F9               	movwf	_a
   879                           
   880                           ;lcd.c: 84: h=0x80;
   881  0797  3080               	movlw	128
   882  0798  00F6               	movwf	??_tonghop
   883  0799  0876               	movf	??_tonghop,w
   884  079A  00FA               	movwf	_h
   885                           
   886                           ;lcd.c: 85: for(sohang=0;sohang<8;sohang++)
   887  079B  01FC               	clrf	_sohang
   888  079C  3008               	movlw	8
   889  079D  027C               	subwf	_sohang,w
   890  079E  1803               	btfsc	3,0
   891  079F  2FE3               	goto	l695
   892  07A0                     l53:	
   893                           
   894                           ;lcd.c: 86: {
   895                           ;lcd.c: 87: PORTCbits.RC1=0;
   896  07A0  1283               	bcf	3,5	;RP0=0, select bank0
   897  07A1  1303               	bcf	3,6	;RP1=0, select bank0
   898  07A2  1087               	bcf	7,1	;volatile
   899                           
   900                           ;lcd.c: 88: for(i=0;i<32;i++)
   901  07A3  01F8               	clrf	tonghop@i
   902  07A4  3020               	movlw	32
   903  07A5  0278               	subwf	tonghop@i,w
   904  07A6  1803               	btfsc	3,0
   905  07A7  2FC2               	goto	l56
   906  07A8                     l55:	
   907                           
   908                           ;lcd.c: 89: {
   909                           ;lcd.c: 90: PORTCbits.RC2=0;
   910  07A8  1107               	bcf	7,2	;volatile
   911                           
   912                           ;lcd.c: 91: g=khung_du_lieu[i];
   913  07A9  0878               	movf	tonghop@i,w
   914  07AA  3E20               	addlw	(low (_khung_du_lieu| 0))& (0+255)
   915  07AB  0084               	movwf	4
   916  07AC  1383               	bcf	3,7	;select IRP bank0
   917  07AD  0800               	movf	0,w
   918  07AE  00F6               	movwf	??_tonghop
   919  07AF  0876               	movf	??_tonghop,w
   920  07B0  00C0               	movwf	_g
   921                           
   922                           ;lcd.c: 92: if((g&h)==h) PORTCbits.RC0=1;
   923  07B1  0840               	movf	_g,w
   924  07B2  057A               	andwf	_h,w
   925  07B3  067A               	xorwf	_h,w
   926  07B4  1D03               	skipz
   927  07B5  2FB8               	goto	l57
   928  07B6  1407               	bsf	7,0	;volatile
   929  07B7  2FB9               	goto	l58
   930  07B8                     l57:	
   931                           
   932                           ;lcd.c: 93: else PORTCbits.RC0=0;
   933  07B8  1007               	bcf	7,0	;volatile
   934  07B9                     l58:	
   935                           
   936                           ;lcd.c: 94: PORTCbits.RC2=1;
   937  07B9  1507               	bsf	7,2	;volatile
   938  07BA  3001               	movlw	1
   939  07BB  00F6               	movwf	??_tonghop
   940  07BC  0876               	movf	??_tonghop,w
   941  07BD  07F8               	addwf	tonghop@i,f
   942  07BE  3020               	movlw	32
   943  07BF  0278               	subwf	tonghop@i,w
   944  07C0  1C03               	skipc
   945  07C1  2FA8               	goto	l55
   946  07C2                     l56:	
   947                           
   948                           ;lcd.c: 95: }
   949                           ;lcd.c: 96: PORTCbits.RC1=1;
   950  07C2  1487               	bsf	7,1	;volatile
   951                           
   952                           ;lcd.c: 97: h=h>>1;
   953  07C3  087A               	movf	_h,w
   954  07C4  00F6               	movwf	??_tonghop
   955  07C5  1003               	clrc
   956  07C6  0C76               	rrf	??_tonghop,w
   957  07C7  00F7               	movwf	??_tonghop+1
   958  07C8  0877               	movf	??_tonghop+1,w
   959  07C9  00FA               	movwf	_h
   960                           
   961                           ;lcd.c: 98: PORTD=a;
   962  07CA  0879               	movf	_a,w
   963  07CB  0088               	movwf	8	;volatile
   964                           
   965                           ;lcd.c: 99: delay_ms(2);
   966  07CC  3002               	movlw	2
   967  07CD  00F0               	movwf	delay_ms@ms
   968  07CE  3000               	movlw	0
   969  07CF  00F1               	movwf	delay_ms@ms+1
   970  07D0  120A  118A  2739  120A  118A  	fcall	_delay_ms
   971                           
   972                           ;lcd.c: 100: PORTD=0xff;
   973  07D5  30FF               	movlw	255
   974  07D6  1283               	bcf	3,5	;RP0=0, select bank0
   975  07D7  1303               	bcf	3,6	;RP1=0, select bank0
   976  07D8  0088               	movwf	8	;volatile
   977                           
   978                           ;lcd.c: 101: a=(a<<1)+1;
   979  07D9  1403               	setc
   980  07DA  0DF9               	rlf	_a,f
   981  07DB  3001               	movlw	1
   982  07DC  00F6               	movwf	??_tonghop
   983  07DD  0876               	movf	??_tonghop,w
   984  07DE  07FC               	addwf	_sohang,f
   985  07DF  3008               	movlw	8
   986  07E0  027C               	subwf	_sohang,w
   987  07E1  1C03               	skipc
   988  07E2  2FA0               	goto	l53
   989  07E3                     l695:	
   990  07E3  3001               	movlw	1
   991  07E4  00F6               	movwf	??_tonghop
   992  07E5  0876               	movf	??_tonghop,w
   993  07E6  07FD               	addwf	_tocdo,f
   994  07E7  300A               	movlw	10
   995  07E8  027D               	subwf	_tocdo,w
   996  07E9  1C03               	skipc
   997  07EA  2F93               	goto	l657
   998  07EB                     l699:	
   999  07EB  3001               	movlw	1
  1000  07EC  00F6               	movwf	??_tonghop
  1001  07ED  0876               	movf	??_tonghop,w
  1002  07EE  07FB               	addwf	_socot,f
  1003  07EF  2F7E               	goto	L1
  1004  07F0                     __end_of_tonghop:	
  1005                           
  1006                           	psect	text2
  1007  0757                     __ptext2:	
  1008 ;; *************** function _load *****************
  1009 ;; Defined at:
  1010 ;;		line 65 in file "lcd.c"
  1011 ;; Parameters:    Size  Location     Type
  1012 ;;  u               2    0[COMMON] unsigned int 
  1013 ;; Auto vars:     Size  Location     Type
  1014 ;;  i               1    3[COMMON] unsigned char 
  1015 ;; Return value:  Size  Location     Type
  1016 ;;                  1    wreg      void 
  1017 ;; Registers used:
  1018 ;;		wreg, fsr0l, fsr0h, status,2, status,0, btemp+1, pclath
  1019 ;; Tracked objects:
  1020 ;;		On entry : 0/0
  1021 ;;		On exit  : 0/0
  1022 ;;		Unchanged: 0/0
  1023 ;; Data sizes:     COMMON   BANK0   BANK1   BANK3   BANK2
  1024 ;;      Params:         2       0       0       0       0
  1025 ;;      Locals:         1       0       0       0       0
  1026 ;;      Temps:          1       0       0       0       0
  1027 ;;      Totals:         4       0       0       0       0
  1028 ;;Total ram usage:        4 bytes
  1029 ;; Hardware stack levels used:    2
  1030 ;; This function calls:
  1031 ;;		Nothing
  1032 ;; This function is called by:
  1033 ;;		_tonghop
  1034 ;; This function uses a non-reentrant model
  1035 ;;
  1036                           
  1037                           
  1038                           ;psect for function _load
  1039  0757                     _load:	
  1040                           
  1041                           ;lcd.c: 67: unsigned char i;
  1042                           ;lcd.c: 68: for(i=0;i<32;i++)
  1043                           
  1044                           ;incstack = 0
  1045                           ; Regs used in _load: [wreg-fsr0h+status,2+status,0+btemp+1+pclath]
  1046  0757  01F3               	clrf	load@i
  1047  0758                     L2:	
  1048  0758  3020               	movlw	32
  1049  0759  0273               	subwf	load@i,w
  1050  075A  1803               	btfsc	3,0
  1051  075B  0008               	return
  1052                           
  1053                           ;lcd.c: 69: {
  1054                           ;lcd.c: 70: khung_du_lieu[i]=codedu_lieu_cot[u];
  1055  075C  3088               	movlw	high (_codedu_lieu_cot| (0+32768))
  1056  075D  0771               	addwf	load@u+1,w
  1057  075E  1283               	bcf	3,5	;RP0=0, select bank0
  1058  075F  1303               	bcf	3,6	;RP1=0, select bank0
  1059  0760  00FF               	movwf	127
  1060  0761  3012               	movlw	low (_codedu_lieu_cot| (0+32768))
  1061  0762  0770               	addwf	load@u,w
  1062  0763  0084               	movwf	4
  1063  0764  1803               	skipnc
  1064  0765  0AFF               	incf	127,f
  1065  0766  120A  158A  2000  120A  118A  	fcall	stringtab
  1066  076B  00F2               	movwf	??_load
  1067  076C  0873               	movf	load@i,w
  1068  076D  3E20               	addlw	(low (_khung_du_lieu| 0))& (0+255)
  1069  076E  0084               	movwf	4
  1070  076F  0872               	movf	??_load,w
  1071  0770  1383               	bcf	3,7	;select IRP bank0
  1072  0771  0080               	movwf	0
  1073                           
  1074                           ;lcd.c: 71: u++;
  1075  0772  3001               	movlw	1
  1076  0773  07F0               	addwf	load@u,f
  1077  0774  1803               	skipnc
  1078  0775  0AF1               	incf	load@u+1,f
  1079  0776  3000               	movlw	0
  1080  0777  07F1               	addwf	load@u+1,f
  1081  0778  3001               	movlw	1
  1082  0779  00F2               	movwf	??_load
  1083  077A  0872               	movf	??_load,w
  1084  077B  07F3               	addwf	load@i,f
  1085  077C  2F58               	goto	L2
  1086  077D                     __end_of_load:	
  1087                           
  1088                           	psect	text3
  1089  0739                     __ptext3:	
  1090 ;; *************** function _delay_ms *****************
  1091 ;; Defined at:
  1092 ;;		line 57 in file "lcd.c"
  1093 ;; Parameters:    Size  Location     Type
  1094 ;;  ms              2    0[COMMON] unsigned int 
  1095 ;; Auto vars:     Size  Location     Type
  1096 ;;  i               2    3[COMMON] unsigned int 
  1097 ;;  j               1    5[COMMON] unsigned char 
  1098 ;; Return value:  Size  Location     Type
  1099 ;;                  1    wreg      void 
  1100 ;; Registers used:
  1101 ;;		wreg, status,2, status,0
  1102 ;; Tracked objects:
  1103 ;;		On entry : 0/0
  1104 ;;		On exit  : 0/0
  1105 ;;		Unchanged: 0/0
  1106 ;; Data sizes:     COMMON   BANK0   BANK1   BANK3   BANK2
  1107 ;;      Params:         2       0       0       0       0
  1108 ;;      Locals:         3       0       0       0       0
  1109 ;;      Temps:          1       0       0       0       0
  1110 ;;      Totals:         6       0       0       0       0
  1111 ;;Total ram usage:        6 bytes
  1112 ;; Hardware stack levels used:    1
  1113 ;; This function calls:
  1114 ;;		Nothing
  1115 ;; This function is called by:
  1116 ;;		_tonghop
  1117 ;; This function uses a non-reentrant model
  1118 ;;
  1119                           
  1120                           
  1121                           ;psect for function _delay_ms
  1122  0739                     _delay_ms:	
  1123                           
  1124                           ;lcd.c: 59: unsigned int i;
  1125                           ;lcd.c: 60: unsigned char j;
  1126                           ;lcd.c: 61: for(i=0;i<ms;i++)
  1127                           
  1128                           ;incstack = 0
  1129                           ; Regs used in _delay_ms: [wreg+status,2+status,0]
  1130  0739  01F3               	clrf	delay_ms@i
  1131  073A  01F4               	clrf	delay_ms@i+1
  1132  073B                     l36:	
  1133  073B  0871               	movf	delay_ms@ms+1,w
  1134  073C  0274               	subwf	delay_ms@i+1,w
  1135  073D  1D03               	skipz
  1136  073E  2F41               	goto	u175
  1137  073F  0870               	movf	delay_ms@ms,w
  1138  0740  0273               	subwf	delay_ms@i,w
  1139  0741                     u175:	
  1140  0741  1803               	btfsc	3,0
  1141  0742  0008               	return
  1142                           
  1143                           ;lcd.c: 62: for(j=0;j<120;j++);
  1144  0743  01F5               	clrf	delay_ms@j
  1145  0744  3078               	movlw	120
  1146  0745  0275               	subwf	delay_ms@j,w
  1147  0746  1803               	btfsc	3,0
  1148  0747  2F50               	goto	l627
  1149  0748                     l623:	
  1150  0748  3001               	movlw	1
  1151  0749  00F2               	movwf	??_delay_ms
  1152  074A  0872               	movf	??_delay_ms,w
  1153  074B  07F5               	addwf	delay_ms@j,f
  1154  074C  3078               	movlw	120
  1155  074D  0275               	subwf	delay_ms@j,w
  1156  074E  1C03               	skipc
  1157  074F  2F48               	goto	l623
  1158  0750                     l627:	
  1159  0750  3001               	movlw	1
  1160  0751  07F3               	addwf	delay_ms@i,f
  1161  0752  1803               	skipnc
  1162  0753  0AF4               	incf	delay_ms@i+1,f
  1163  0754  3000               	movlw	0
  1164  0755  07F4               	addwf	delay_ms@i+1,f
  1165  0756  2F3B               	goto	l36
  1166  0757                     __end_of_delay_ms:	
  1167  007E                     btemp	set	126	;btemp
  1168  007E                     wtemp0	set	126


Data Sizes:
    Strings     0
    Constant    483
    Data        0
    BSS         39
    Persistent  0
    Stack       0

Auto Spaces:
    Space          Size  Autos    Used
    COMMON           14      9      14
    BANK0            80      0      34
    BANK1            80      0       0
    BANK3            96      0       0
    BANK2            96      0       0

Pointer List with Targets:

    None.

Critical Paths under _main in COMMON

    _main->_tonghop
    _tonghop->_delay_ms

Critical Paths under _main in BANK0

    None.

Critical Paths under _main in BANK1

    None.

Critical Paths under _main in BANK3

    None.

Critical Paths under _main in BANK2

    None.

Call Graph Tables:

 ---------------------------------------------------------------------------------
 (Depth) Function   	        Calls       Base Space   Used Autos Params    Refs
 ---------------------------------------------------------------------------------
 (0) _main                                                 0     0      0     357
                            _tonghop
 ---------------------------------------------------------------------------------
 (1) _tonghop                                              3     3      0     357
                                              6 COMMON     3     3      0
                           _delay_ms
                               _load
 ---------------------------------------------------------------------------------
 (3) _load                                                 4     2      2     144
                                              0 COMMON     4     2      2
 ---------------------------------------------------------------------------------
 (2) _delay_ms                                             6     4      2     145
                                              0 COMMON     6     4      2
 ---------------------------------------------------------------------------------
 Estimated maximum stack depth 3
 ---------------------------------------------------------------------------------

 Call Graph Graphs:

 _main (ROOT)
   _tonghop
     _delay_ms
     _load

 Address spaces:
Name               Size   Autos  Total    Cost      Usage
BITCOMMON            E      0       0       0        0.0%
EEDATA             100      0       0       0        0.0%
NULL                 0      0       0       0        0.0%
CODE                 0      0       0       0        0.0%
COMMON               E      9       E       1      100.0%
BITSFR0              0      0       0       1        0.0%
SFR0                 0      0       0       1        0.0%
BITSFR1              0      0       0       2        0.0%
SFR1                 0      0       0       2        0.0%
STACK                0      0       0       2        0.0%
ABS                  0      0      30       3        0.0%
BITBANK0            50      0       0       4        0.0%
BITSFR3              0      0       0       4        0.0%
SFR3                 0      0       0       4        0.0%
BANK0               50      0      22       5       42.5%
BITSFR2              0      0       0       5        0.0%
SFR2                 0      0       0       5        0.0%
BITBANK1            50      0       0       6        0.0%
BANK1               50      0       0       7        0.0%
BITBANK3            60      0       0       8        0.0%
BANK3               60      0       0       9        0.0%
BITBANK2            60      0       0      10        0.0%
BANK2               60      0       0      11        0.0%
DATA                 0      0      30      12        0.0%


Microchip Technology PIC Macro Assembler V1.40 build -251452761 
Symbol Table                                                                                   Mon Jan 30 23:47:53 2017

                      _a 0079                        _g 0040                        _h 007A  
                      pc 0002              __CFG_CP$OFF 0000                       l36 073B  
                     l53 07A0                       l55 07A8                       l56 07C2  
                     l57 07B8                       l58 07B9                       fsr 0004  
                    l623 0748                      l627 0750                      l657 0793  
                    l695 07E3                      l699 07EB                      u175 0741  
           __CFG_CPD$OFF 0000                      fsr0 0004                      indf 0000  
        _codedu_lieu_cot 0812             __CFG_FOSC$HS 0000             __CFG_LVP$OFF 0000  
           __CFG_WRT$OFF 0000                     _main 072A                     _load 0757  
                   btemp 007E            __CFG_BOREN$ON 0000                     start 0000  
                  ?_main 0070                    ?_load 0070            __CFG_WDTE$OFF 0000  
                  _PORTC 0007                    _PORTD 0008                    _TRISC 0087  
                  _TRISD 0088                    _maled 0041                    _tocdo 007D  
                  _socot 007B                    load@i 0073                    load@u 0070  
                  pclath 000A          __end_of_tonghop 07F0                    status 0003  
                  wtemp0 007E          __initialization 07F0             __end_of_main 0739  
           __end_of_load 077D  __end_of_codedu_lieu_cot 09F5                   ??_main 0079  
                 ??_load 0072         __end_of_delay_ms 0757           __CFG_PWRTE$OFF 0000  
                 _sohang 007C                ??_tonghop 0076  __end_of__initialization 07FC  
         __pcstackCOMMON 0070               __pbssBANK0 0020               __pmaintext 072A  
              ?_delay_ms 0070               __stringtab 0800            _khung_du_lieu 0020  
                __ptext1 077D                  __ptext2 0757                  __ptext3 0739  
             ??_delay_ms 0072                  _tonghop 077D                  clrloop0 0723  
             delay_ms@ms 0070     end_of_initialization 07FC             __pstringtext 0800  
              _PORTCbits 0007      start_initialization 07F0              __pbssCOMMON 0079  
              ___latbits 0002        __size_of_delay_ms 001E                 ?_tonghop 0070  
              delay_ms@i 0073                delay_ms@j 0075                clear_ram0 0722  
            __stringbase 0812       __end_of__stringtab 0812                 _delay_ms 0739  
       __size_of_tonghop 0073            __size_of_main 000F            __size_of_load 0026  
              stringcode 080A                 tonghop@i 0078                 stringtab 0800  
