MPASM 5.68                       DECIMAL.ASM   10-23-2016  1:56:22         PAGE  1


LOC  OBJECT CODE     LINE SOURCE TEXT
  VALUE

Warning[205]: Found directive in column 1. (list)
                      00001 list      p=16f877a            
                      00002         #include <p16f877a.inc>        
                      00001         LIST
                      00002 
                      00003 ;==========================================================================
                      00004 ; Build date : May 15 2016
                      00005 ;  MPASM PIC16F877A processor include
                      00006 ; 
                      00007 ;  (c) Copyright 1999-2016 Microchip Technology, All rights reserved
                      00008 ;==========================================================================
                      00009 
                      00567         LIST
2007   3F71           00003         __CONFIG 3F71H  
  00000021            00004 R0              EQU             H'0021'     
  00000022            00005 R1              EQU             H'0022'     
  00000023            00006 R2              EQU             H'0023'     
  00000024            00007 R3              EQU             H'0024'     
  00000025            00008 R6      EQU             25H
  00000026            00009 R7              EQU             26h  
                      00010         org             00h             ;Power on güç verildi?inde bu adresten çal??maya ba?lar
0000   2???           00011                 goto            START   
                      00012 ;*******************************************************************************************************
                            ***************
                      00013 ;       G?R?? ? ÇIKI? AYARI YAPILIYOR
                      00014 ;*******************************************************************************************************
                            ***************
0001   0186           00015 START   clrf    PORTB   ; PORTB ç?k??lar? 0  yap?ld? 
0002   1683           00016                 bsf             STATUS,RP0      ; bank1? e geçildi
0003   3000           00017                 movlw           0x00            ; w registerine 0000-0000 yükle
Message[302]: Register in operand not in bank 0.  Ensure that bank bits are correct.
0004   0186           00018                 clrf    TRISB           ; PORTB? nin ç?k?? yap?ld?
0005   1283           00019         bcf     STATUS,RP0              ; bank0 
0006   3000           00020         movlw           00h             ; w registerine 0f yükle 
0007   3000           00021 j1      movlw   00h             ;
0008   00A1           00022         movwf   R0      ;R0' a 00 say?s? yaz?ld? birler hanesi için
0009   3000           00023         movlw   00h             ;
000A   00A2           00024         movwf   R1      ;R1' e 00 say?s? yaz?ld? onlar hanesi için
000B   300A           00025         movlw   0ah             ;
000C   00A3           00026         movwf   R2              ;R2' ye 10 say?s? yaz?ld? birler hanesini sorgulamak için
000D   300A           00027         movlw   0ah             ;
000E   00A4           00028         movwf   R3              ;R3' e 10 say?s? yaz?ld? onlar hanesini sorgulamak için 
000F   0E22           00029 j2      swapf   R1,w    ;R1' in alt 4 biti ile üst 4 bitini yer de?i?tir.
0010   0721           00030         addwf   R0,w    ;R1 ile R0' ? topla sonucu w' e yaz
0011   0086           00031         movwf   PORTB   ;desimal say?y? PORTB' ye yaz
0012   2???           00032         call    zaman   ;zaman program?n? ça??r
0013   0AA1           00033         incf    R0,f    ;Birler hanesini bir artt?r
0014   0BA3           00034         decfsz  R2,f    ;R2' yi bir azalt ve 0' mi diye sor     
0015   2???           00035         goto    j2              
0016   3000           00036         movlw   00h                     
0017   00A1           00037         movwf   R0      ;Say? on ise birler hanesini 0 yap
0018   300A           00038         movlw   0ah                     
0019   00A3           00039         movwf   R2              
MPASM 5.68                       DECIMAL.ASM   10-23-2016  1:56:22         PAGE  2


LOC  OBJECT CODE     LINE SOURCE TEXT
  VALUE

001A   0AA2           00040         incf    R1,f    ;onlar hanesini bir artt?r      
001B   0BA4           00041         decfsz  R3,f            
001C   2???           00042         goto    j2              
001D   2???           00043         goto    j1              
                      00044 ;*******************************************************************************************************
                            ***************
                      00045 ;       BEKLETME ZAMAN PROGRAMI
                      00046 ;*******************************************************************************************************
                            ***************
001E   30FF           00047 zaman           movlw           .255            ; desimal olarak 255 say?s?n? w registerine yükle
001F   00A6           00048                 movwf           R7      ; w registerindeki say?y? R7 registerine yükle
0020   30FF           00049 z0              movlw           .255            ; desimal olarak 255 say?s?n? w registerine yükle
0021   00A5           00050                 movwf           R6      ; w registerindeki say?y? R6 registerine yükle
0022   0BA5           00051 z1              decfsz          R6,F    ; R6 nin de?erini bir azalt ve 0 de?ilse 
0023   2???           00052                 goto            z1              ; Z1 ye git
0024   0BA6           00053                 decfsz          R7,F    ; R7 in de?erini bir azalt ve 0 de?ilse
0025   2???           00054         goto            z0              ; Z0 e git
0026   3400           00055                 retlw   00              ; geldi?in yere geri git
                      00056 
Warning[205]: Found directive in column 1. (end)
3F71                  00057 end
MPASM 5.68                       DECIMAL.ASM   10-23-2016  1:56:22         PAGE  3


SYMBOL TABLE
  LABEL                             VALUE 

ACKDT                             00000005
ACKEN                             00000004
ACKSTAT                           00000006
ADCON0                            0000001F
ADCON1                            0000009F
ADCS0                             00000006
ADCS1                             00000007
ADCS2                             00000006
ADDEN                             00000003
ADFM                              00000007
ADIE                              00000006
ADIF                              00000006
ADON                              00000000
ADRESH                            0000001E
ADRESL                            0000009E
BCLIE                             00000003
BCLIF                             00000003
BF                                00000000
BRGH                              00000002
C                                 00000000
C1INV                             00000004
C1OUT                             00000006
C2INV                             00000005
C2OUT                             00000007
CCP1CON                           00000017
CCP1IE                            00000002
CCP1IF                            00000002
CCP1M0                            00000000
CCP1M1                            00000001
CCP1M2                            00000002
CCP1M3                            00000003
CCP1X                             00000005
CCP1Y                             00000004
CCP2CON                           0000001D
CCP2IE                            00000000
CCP2IF                            00000000
CCP2M0                            00000000
CCP2M1                            00000001
CCP2M2                            00000002
CCP2M3                            00000003
CCP2X                             00000005
CCP2Y                             00000004
CCPR1                             00000015
CCPR1H                            00000016
CCPR1L                            00000015
CCPR2                             0000001B
CCPR2H                            0000001C
CCPR2L                            0000001B
CHS0                              00000003
CHS1                              00000004
CHS2                              00000005
CIS                               00000003
CKE                               00000006
MPASM 5.68                       DECIMAL.ASM   10-23-2016  1:56:22         PAGE  4


SYMBOL TABLE
  LABEL                             VALUE 

CKP                               00000004
CM0                               00000000
CM1                               00000001
CM2                               00000002
CMCON                             0000009C
CMIE                              00000006
CMIF                              00000006
CREN                              00000004
CSRC                              00000007
CVR0                              00000000
CVR1                              00000001
CVR2                              00000002
CVR3                              00000003
CVRCON                            0000009D
CVREN                             00000007
CVROE                             00000006
CVRR                              00000005
D                                 00000005
DATA_ADDRESS                      00000005
DC                                00000001
D_A                               00000005
D_NOT_A                           00000005
EEADR                             0000010D
EEADRH                            0000010F
EECON1                            0000018C
EECON2                            0000018D
EEDATA                            0000010C
EEDATH                            0000010E
EEIE                              00000004
EEIF                              00000004
EEPGD                             00000007
F                                 00000001
FERR                              00000002
FSR                               00000004
GCEN                              00000007
GIE                               00000007
GO                                00000002
GO_DONE                           00000002
GO_NOT_DONE                       00000002
I2C_DATA                          00000005
I2C_READ                          00000002
I2C_START                         00000003
I2C_STOP                          00000004
IBF                               00000007
IBOV                              00000005
INDF                              00000000
INTCON                            0000000B
INTE                              00000004
INTEDG                            00000006
INTF                              00000001
IRP                               00000007
NOT_A                             00000005
NOT_ADDRESS                       00000005
MPASM 5.68                       DECIMAL.ASM   10-23-2016  1:56:22         PAGE  5


SYMBOL TABLE
  LABEL                             VALUE 

NOT_BO                            00000000
NOT_BOR                           00000000
NOT_DONE                          00000002
NOT_PD                            00000003
NOT_POR                           00000001
NOT_RBPU                          00000007
NOT_RC8                           00000006
NOT_T1SYNC                        00000002
NOT_TO                            00000004
NOT_TX8                           00000006
NOT_W                             00000002
NOT_WRITE                         00000002
OBF                               00000006
OERR                              00000001
OPTION_REG                        00000081
P                                 00000004
PCFG0                             00000000
PCFG1                             00000001
PCFG2                             00000002
PCFG3                             00000003
PCL                               00000002
PCLATH                            0000000A
PCON                              0000008E
PEIE                              00000006
PEN                               00000002
PIE1                              0000008C
PIE2                              0000008D
PIR1                              0000000C
PIR2                              0000000D
PORTA                             00000005
PORTB                             00000006
PORTC                             00000007
PORTD                             00000008
PORTE                             00000009
PR2                               00000092
PS0                               00000000
PS1                               00000001
PS2                               00000002
PSA                               00000003
PSPIE                             00000007
PSPIF                             00000007
PSPMODE                           00000004
R                                 00000002
R0                                00000021
R1                                00000022
R2                                00000023
R3                                00000024
R6                                00000025
R7                                00000026
RA0                               00000000
RA1                               00000001
RA2                               00000002
RA3                               00000003
MPASM 5.68                       DECIMAL.ASM   10-23-2016  1:56:22         PAGE  6


SYMBOL TABLE
  LABEL                             VALUE 

RA4                               00000004
RA5                               00000005
RB0                               00000000
RB1                               00000001
RB2                               00000002
RB3                               00000003
RB4                               00000004
RB5                               00000005
RB6                               00000006
RB7                               00000007
RBIE                              00000003
RBIF                              00000000
RC0                               00000000
RC1                               00000001
RC2                               00000002
RC3                               00000003
RC4                               00000004
RC5                               00000005
RC6                               00000006
RC7                               00000007
RC8_9                             00000006
RC9                               00000006
RCD8                              00000000
RCEN                              00000003
RCIE                              00000005
RCIF                              00000005
RCREG                             0000001A
RCSTA                             00000018
RD                                00000000
RD0                               00000000
RD1                               00000001
RD2                               00000002
RD3                               00000003
RD4                               00000004
RD5                               00000005
RD6                               00000006
RD7                               00000007
RE0                               00000000
RE1                               00000001
RE2                               00000002
READ_WRITE                        00000002
RP0                               00000005
RP1                               00000006
RSEN                              00000001
RX9                               00000006
RX9D                              00000000
R_NOT_W                           00000002
R_W                               00000002
S                                 00000003
SEN                               00000000
SMP                               00000007
SPBRG                             00000099
SPEN                              00000007
MPASM 5.68                       DECIMAL.ASM   10-23-2016  1:56:22         PAGE  7


SYMBOL TABLE
  LABEL                             VALUE 

SREN                              00000005
SSPADD                            00000093
SSPBUF                            00000013
SSPCON                            00000014
SSPCON2                           00000091
SSPEN                             00000005
SSPIE                             00000003
SSPIF                             00000003
SSPM0                             00000000
SSPM1                             00000001
SSPM2                             00000002
SSPM3                             00000003
SSPOV                             00000006
SSPSTAT                           00000094
START                             00000001
STATUS                            00000003
SYNC                              00000004
T0CS                              00000005
T0IE                              00000005
T0IF                              00000002
T0SE                              00000004
T1CKPS0                           00000004
T1CKPS1                           00000005
T1CON                             00000010
T1INSYNC                          00000002
T1OSCEN                           00000003
T1SYNC                            00000002
T2CKPS0                           00000000
T2CKPS1                           00000001
T2CON                             00000012
TMR0                              00000001
TMR0IE                            00000005
TMR0IF                            00000002
TMR1                              0000000E
TMR1CS                            00000001
TMR1H                             0000000F
TMR1IE                            00000000
TMR1IF                            00000000
TMR1L                             0000000E
TMR1ON                            00000000
TMR2                              00000011
TMR2IE                            00000001
TMR2IF                            00000001
TMR2ON                            00000002
TOUTPS0                           00000003
TOUTPS1                           00000004
TOUTPS2                           00000005
TOUTPS3                           00000006
TRISA                             00000085
TRISA0                            00000000
TRISA1                            00000001
TRISA2                            00000002
TRISA3                            00000003
MPASM 5.68                       DECIMAL.ASM   10-23-2016  1:56:22         PAGE  8


SYMBOL TABLE
  LABEL                             VALUE 

TRISA4                            00000004
TRISA5                            00000005
TRISB                             00000086
TRISB0                            00000000
TRISB1                            00000001
TRISB2                            00000002
TRISB3                            00000003
TRISB4                            00000004
TRISB5                            00000005
TRISB6                            00000006
TRISB7                            00000007
TRISC                             00000087
TRISC0                            00000000
TRISC1                            00000001
TRISC2                            00000002
TRISC3                            00000003
TRISC4                            00000004
TRISC5                            00000005
TRISC6                            00000006
TRISC7                            00000007
TRISD                             00000088
TRISD0                            00000000
TRISD1                            00000001
TRISD2                            00000002
TRISD3                            00000003
TRISD4                            00000004
TRISD5                            00000005
TRISD6                            00000006
TRISD7                            00000007
TRISE                             00000089
TRISE0                            00000000
TRISE1                            00000001
TRISE2                            00000002
TRMT                              00000001
TX8_9                             00000006
TX9                               00000006
TX9D                              00000000
TXD8                              00000000
TXEN                              00000005
TXIE                              00000004
TXIF                              00000004
TXREG                             00000019
TXSTA                             00000098
UA                                00000001
W                                 00000000
WCOL                              00000007
WR                                00000001
WREN                              00000002
WRERR                             00000003
Z                                 00000002
_BODEN_OFF                        00003FBF
_BODEN_ON                         00003FFF
_BOREN_OFF                        00003FBF
MPASM 5.68                       DECIMAL.ASM   10-23-2016  1:56:22         PAGE  9


SYMBOL TABLE
  LABEL                             VALUE 

_BOREN_ON                         00003FFF
_CONFIG                           00002007
_CPD_OFF                          00003FFF
_CPD_ON                           00003EFF
_CP_ALL                           00001FFF
_CP_OFF                           00003FFF
_CP_ON                            00001FFF
_DEBUG_OFF                        00003FFF
_DEBUG_ON                         000037FF
_DEVID1                           00002006
_FOSC_EXTRC                       00003FFF
_FOSC_HS                          00003FFE
_FOSC_LP                          00003FFC
_FOSC_XT                          00003FFD
_HS_OSC                           00003FFE
_IDLOC0                           00002000
_IDLOC1                           00002001
_IDLOC2                           00002002
_IDLOC3                           00002003
_LP_OSC                           00003FFC
_LVP_OFF                          00003F7F
_LVP_ON                           00003FFF
_PWRTE_OFF                        00003FFF
_PWRTE_ON                         00003FF7
_RC_OSC                           00003FFF
_WDTE_OFF                         00003FFB
_WDTE_ON                          00003FFF
_WDT_OFF                          00003FFB
_WDT_ON                           00003FFF
_WRT_1FOURTH                      00003BFF
_WRT_256                          00003DFF
_WRT_HALF                         000039FF
_WRT_OFF                          00003FFF
_XT_OSC                           00003FFD
__16F877A                         00000001
j1                                00000007
j2                                0000000F
z0                                00000020
z1                                00000022
zaman                             0000001E

Errors   :     0
Warnings :     2 reported,     0 suppressed
Messages :     1 reported,     0 suppressed

