MPASM 5.68                          MAIN.ASM   10-20-2016  20:44:41         PAGE  1


LOC  OBJECT CODE     LINE SOURCE TEXT
  VALUE

                      00001 
Warning[205]: Found directive in column 1. (LIST)
                      00002 LIST P=16F877A
                      00003 #INCLUDE <P16F877A.INC>
                      00001         LIST
                      00002 
                      00003 ;==========================================================================
                      00004 ; Build date : May 15 2016
                      00005 ;  MPASM PIC16F877A processor include
                      00006 ; 
                      00007 ;  (c) Copyright 1999-2016 Microchip Technology, All rights reserved
                      00008 ;==========================================================================
                      00009 
                      00567         LIST
Warning[207]: Found label after column 1. (R0)
  00000020            00004     R0 EQU H'0020'
Warning[207]: Found label after column 1. (R1)
  00000020            00005     R1 EQU H'0020'
Warning[207]: Found label after column 1. (R2)
  00000020            00006     R2 EQU H'0020'
                      00007     ORG 0X00
                      00008  
0000   1683 1303      00009     BANKSEL TRISB
Message[302]: Register in operand not in bank 0.  Ensure that bank bits are correct.
0002   0186           00010     CLRF TRISB
0003   1283 1303      00011     BANKSEL PORTB
Message[302]: Register in operand not in bank 0.  Ensure that bank bits are correct.
0005   0186           00012     CLRF TRISB
                      00013  
Warning[207]: Found label after column 1. (BASLA)
0006                  00014  BASLA
                      00015  
0006   3001           00016     MOVLW B'00000001'
0007   0086           00017     MOVWF PORTB
                      00018   
0008   30FF           00019     movlw       .255            ; desimal olarak 255 say?s?n? w registerine yükle
0009   00A0           00020     movwf       R2      ; w registerindeki say?y? R7 registerine yükle
000A   30FF           00021 z0              movlw           .255            ; desimal olarak 255 say?s?n? w registerine yükle
000B   00A0           00022     movwf       R1      ; w registerindeki say?y? R6 registerine yükle
000C   0BA0           00023 z1              decfsz          R1,F    ; R6 nin de?erini bir azalt ve 0 de?ilse 
000D   2???           00024     goto        z1              ; Z1 ye git
000E   0BA0           00025     decfsz      R2,F    ; R7 in de?erini bir azalt ve 0 de?ilse
000F   2???           00026     goto        z0              ; Z0 e git
                      00027 
0010   3002           00028     MOVLW B'00000010'
0011   0086           00029     MOVWF PORTB
0012   2???           00030     CALL ZAMAN
                      00031  
0013   3004           00032     MOVLW B'00000100'
0014   0086           00033     MOVWF PORTB
0015   2???           00034     CALL ZAMAN
                      00035  
0016   3008           00036     MOVLW B'00001000'
MPASM 5.68                          MAIN.ASM   10-20-2016  20:44:41         PAGE  2


LOC  OBJECT CODE     LINE SOURCE TEXT
  VALUE

0017   0086           00037     MOVWF PORTB
0018   2???           00038     CALL ZAMAN
                      00039  
0019   3010           00040     MOVLW B'00010000'
001A   0086           00041     MOVWF PORTB
001B   2???           00042     CALL ZAMAN
                      00043  
001C   3020           00044     MOVLW B'00100000'
001D   0086           00045     MOVWF PORTB
001E   2???           00046     CALL ZAMAN
                      00047  
001F   3040           00048     MOVLW B'01000000'
0020   0086           00049     MOVWF PORTB
0021   2???           00050     CALL ZAMAN
                      00051  
0022   3080           00052     MOVLW B'10000000'
0023   0086           00053     MOVWF PORTB
0024   2???           00054     CALL ZAMAN
                      00055  
                      00056 
                      00057  
0025   2???           00058     GOTO BASLA
                      00059  
                      00060 ; Z1
                      00061 ; MOVLW .255
                      00062 ; MOVWF R1
                      00063 ; D1 DECFSZ R1,F
                      00064 ; GOTO D1
                      00065 ; RETURN
                      00066 ; 
                      00067 ; ZAMAN MOVLW .255
                      00068 ; MOVWF R2
                      00069 ; DECFSZ R2,F
                      00070 ; GOTO Z1
                      00071 ; RETURN
                      00072  
                      00073 ; ZAMAN MOVLW .255
                      00074 ; MOVWF R1
                      00075 ; D0 MOVLW .255
                      00076 ; MOVWF R2
Warning[207]: Found label after column 1. (D1)
0026   0BA0           00077  D1 DECFSZ R2,F
                      00078 ; GOTO D1
                      00079 ; DECFSZ R1,F
                      00080 ; GOTO D0
                      00081 ; RETLW 00
Warning[207]: Found label after column 1. (ZAMAN)
0027   30FF           00082  ZAMAN          movlw           .255            ; desimal olarak 255 say?s?n? w registerine yükle
0028   00A0           00083     movwf       R2      ; w registerindeki say?y? R7 registerine yükle
0029   30FF           00084 z4              movlw           .255            ; desimal olarak 255 say?s?n? w registerine yükle
002A   00A0           00085     movwf       R1      ; w registerindeki say?y? R6 registerine yükle
002B   0BA0           00086 z5              decfsz          R1,F    ; R6 nin de?erini bir azalt ve 0 de?ilse 
002C   2???           00087     goto        z1              ; Z1 ye git
MPASM 5.68                          MAIN.ASM   10-20-2016  20:44:41         PAGE  3


LOC  OBJECT CODE     LINE SOURCE TEXT
  VALUE

002D   0BA0           00088     decfsz      R2,F    ; R7 in de?erini bir azalt ve 0 de?ilse
002E   2???           00089     goto        z0              ; Z0 e git
002F   0008           00090     RETURN              ; geldi?in yere geri git
                      00091 
                      00092     END
MPASM 5.68                          MAIN.ASM   10-20-2016  20:44:41         PAGE  4


SYMBOL TABLE
  LABEL                             VALUE 

ACKDT                             00000005
ACKEN                             00000004
ACKSTAT                           00000006
ADCON0                            0000001F
ADCON1                            0000009F
ADCS0                             00000006
ADCS1                             00000007
ADCS2                             00000006
ADDEN                             00000003
ADFM                              00000007
ADIE                              00000006
ADIF                              00000006
ADON                              00000000
ADRESH                            0000001E
ADRESL                            0000009E
BASLA                             00000006
BCLIE                             00000003
BCLIF                             00000003
BF                                00000000
BRGH                              00000002
C                                 00000000
C1INV                             00000004
C1OUT                             00000006
C2INV                             00000005
C2OUT                             00000007
CCP1CON                           00000017
CCP1IE                            00000002
CCP1IF                            00000002
CCP1M0                            00000000
CCP1M1                            00000001
CCP1M2                            00000002
CCP1M3                            00000003
CCP1X                             00000005
CCP1Y                             00000004
CCP2CON                           0000001D
CCP2IE                            00000000
CCP2IF                            00000000
CCP2M0                            00000000
CCP2M1                            00000001
CCP2M2                            00000002
CCP2M3                            00000003
CCP2X                             00000005
CCP2Y                             00000004
CCPR1                             00000015
CCPR1H                            00000016
CCPR1L                            00000015
CCPR2                             0000001B
CCPR2H                            0000001C
CCPR2L                            0000001B
CHS0                              00000003
CHS1                              00000004
CHS2                              00000005
CIS                               00000003
MPASM 5.68                          MAIN.ASM   10-20-2016  20:44:41         PAGE  5


SYMBOL TABLE
  LABEL                             VALUE 

CKE                               00000006
CKP                               00000004
CM0                               00000000
CM1                               00000001
CM2                               00000002
CMCON                             0000009C
CMIE                              00000006
CMIF                              00000006
CREN                              00000004
CSRC                              00000007
CVR0                              00000000
CVR1                              00000001
CVR2                              00000002
CVR3                              00000003
CVRCON                            0000009D
CVREN                             00000007
CVROE                             00000006
CVRR                              00000005
D                                 00000005
D1                                00000026
DATA_ADDRESS                      00000005
DC                                00000001
D_A                               00000005
D_NOT_A                           00000005
EEADR                             0000010D
EEADRH                            0000010F
EECON1                            0000018C
EECON2                            0000018D
EEDATA                            0000010C
EEDATH                            0000010E
EEIE                              00000004
EEIF                              00000004
EEPGD                             00000007
F                                 00000001
FERR                              00000002
FSR                               00000004
GCEN                              00000007
GIE                               00000007
GO                                00000002
GO_DONE                           00000002
GO_NOT_DONE                       00000002
I2C_DATA                          00000005
I2C_READ                          00000002
I2C_START                         00000003
I2C_STOP                          00000004
IBF                               00000007
IBOV                              00000005
INDF                              00000000
INTCON                            0000000B
INTE                              00000004
INTEDG                            00000006
INTF                              00000001
IRP                               00000007
MPASM 5.68                          MAIN.ASM   10-20-2016  20:44:41         PAGE  6


SYMBOL TABLE
  LABEL                             VALUE 

NOT_A                             00000005
NOT_ADDRESS                       00000005
NOT_BO                            00000000
NOT_BOR                           00000000
NOT_DONE                          00000002
NOT_PD                            00000003
NOT_POR                           00000001
NOT_RBPU                          00000007
NOT_RC8                           00000006
NOT_T1SYNC                        00000002
NOT_TO                            00000004
NOT_TX8                           00000006
NOT_W                             00000002
NOT_WRITE                         00000002
OBF                               00000006
OERR                              00000001
OPTION_REG                        00000081
P                                 00000004
PCFG0                             00000000
PCFG1                             00000001
PCFG2                             00000002
PCFG3                             00000003
PCL                               00000002
PCLATH                            0000000A
PCON                              0000008E
PEIE                              00000006
PEN                               00000002
PIE1                              0000008C
PIE2                              0000008D
PIR1                              0000000C
PIR2                              0000000D
PORTA                             00000005
PORTB                             00000006
PORTC                             00000007
PORTD                             00000008
PORTE                             00000009
PR2                               00000092
PS0                               00000000
PS1                               00000001
PS2                               00000002
PSA                               00000003
PSPIE                             00000007
PSPIF                             00000007
PSPMODE                           00000004
R                                 00000002
R0                                00000020
R1                                00000020
R2                                00000020
RA0                               00000000
RA1                               00000001
RA2                               00000002
RA3                               00000003
RA4                               00000004
MPASM 5.68                          MAIN.ASM   10-20-2016  20:44:41         PAGE  7


SYMBOL TABLE
  LABEL                             VALUE 

RA5                               00000005
RB0                               00000000
RB1                               00000001
RB2                               00000002
RB3                               00000003
RB4                               00000004
RB5                               00000005
RB6                               00000006
RB7                               00000007
RBIE                              00000003
RBIF                              00000000
RC0                               00000000
RC1                               00000001
RC2                               00000002
RC3                               00000003
RC4                               00000004
RC5                               00000005
RC6                               00000006
RC7                               00000007
RC8_9                             00000006
RC9                               00000006
RCD8                              00000000
RCEN                              00000003
RCIE                              00000005
RCIF                              00000005
RCREG                             0000001A
RCSTA                             00000018
RD                                00000000
RD0                               00000000
RD1                               00000001
RD2                               00000002
RD3                               00000003
RD4                               00000004
RD5                               00000005
RD6                               00000006
RD7                               00000007
RE0                               00000000
RE1                               00000001
RE2                               00000002
READ_WRITE                        00000002
RP0                               00000005
RP1                               00000006
RSEN                              00000001
RX9                               00000006
RX9D                              00000000
R_NOT_W                           00000002
R_W                               00000002
S                                 00000003
SEN                               00000000
SMP                               00000007
SPBRG                             00000099
SPEN                              00000007
SREN                              00000005
MPASM 5.68                          MAIN.ASM   10-20-2016  20:44:41         PAGE  8


SYMBOL TABLE
  LABEL                             VALUE 

SSPADD                            00000093
SSPBUF                            00000013
SSPCON                            00000014
SSPCON2                           00000091
SSPEN                             00000005
SSPIE                             00000003
SSPIF                             00000003
SSPM0                             00000000
SSPM1                             00000001
SSPM2                             00000002
SSPM3                             00000003
SSPOV                             00000006
SSPSTAT                           00000094
STATUS                            00000003
SYNC                              00000004
T0CS                              00000005
T0IE                              00000005
T0IF                              00000002
T0SE                              00000004
T1CKPS0                           00000004
T1CKPS1                           00000005
T1CON                             00000010
T1INSYNC                          00000002
T1OSCEN                           00000003
T1SYNC                            00000002
T2CKPS0                           00000000
T2CKPS1                           00000001
T2CON                             00000012
TMR0                              00000001
TMR0IE                            00000005
TMR0IF                            00000002
TMR1                              0000000E
TMR1CS                            00000001
TMR1H                             0000000F
TMR1IE                            00000000
TMR1IF                            00000000
TMR1L                             0000000E
TMR1ON                            00000000
TMR2                              00000011
TMR2IE                            00000001
TMR2IF                            00000001
TMR2ON                            00000002
TOUTPS0                           00000003
TOUTPS1                           00000004
TOUTPS2                           00000005
TOUTPS3                           00000006
TRISA                             00000085
TRISA0                            00000000
TRISA1                            00000001
TRISA2                            00000002
TRISA3                            00000003
TRISA4                            00000004
TRISA5                            00000005
MPASM 5.68                          MAIN.ASM   10-20-2016  20:44:41         PAGE  9


SYMBOL TABLE
  LABEL                             VALUE 

TRISB                             00000086
TRISB0                            00000000
TRISB1                            00000001
TRISB2                            00000002
TRISB3                            00000003
TRISB4                            00000004
TRISB5                            00000005
TRISB6                            00000006
TRISB7                            00000007
TRISC                             00000087
TRISC0                            00000000
TRISC1                            00000001
TRISC2                            00000002
TRISC3                            00000003
TRISC4                            00000004
TRISC5                            00000005
TRISC6                            00000006
TRISC7                            00000007
TRISD                             00000088
TRISD0                            00000000
TRISD1                            00000001
TRISD2                            00000002
TRISD3                            00000003
TRISD4                            00000004
TRISD5                            00000005
TRISD6                            00000006
TRISD7                            00000007
TRISE                             00000089
TRISE0                            00000000
TRISE1                            00000001
TRISE2                            00000002
TRMT                              00000001
TX8_9                             00000006
TX9                               00000006
TX9D                              00000000
TXD8                              00000000
TXEN                              00000005
TXIE                              00000004
TXIF                              00000004
TXREG                             00000019
TXSTA                             00000098
UA                                00000001
W                                 00000000
WCOL                              00000007
WR                                00000001
WREN                              00000002
WRERR                             00000003
Z                                 00000002
ZAMAN                             00000027
_BODEN_OFF                        00003FBF
_BODEN_ON                         00003FFF
_BOREN_OFF                        00003FBF
_BOREN_ON                         00003FFF
MPASM 5.68                          MAIN.ASM   10-20-2016  20:44:41         PAGE 10


SYMBOL TABLE
  LABEL                             VALUE 

_CONFIG                           00002007
_CPD_OFF                          00003FFF
_CPD_ON                           00003EFF
_CP_ALL                           00001FFF
_CP_OFF                           00003FFF
_CP_ON                            00001FFF
_DEBUG_OFF                        00003FFF
_DEBUG_ON                         000037FF
_DEVID1                           00002006
_FOSC_EXTRC                       00003FFF
_FOSC_HS                          00003FFE
_FOSC_LP                          00003FFC
_FOSC_XT                          00003FFD
_HS_OSC                           00003FFE
_IDLOC0                           00002000
_IDLOC1                           00002001
_IDLOC2                           00002002
_IDLOC3                           00002003
_LP_OSC                           00003FFC
_LVP_OFF                          00003F7F
_LVP_ON                           00003FFF
_PWRTE_OFF                        00003FFF
_PWRTE_ON                         00003FF7
_RC_OSC                           00003FFF
_WDTE_OFF                         00003FFB
_WDTE_ON                          00003FFF
_WDT_OFF                          00003FFB
_WDT_ON                           00003FFF
_WRT_1FOURTH                      00003BFF
_WRT_256                          00003DFF
_WRT_HALF                         000039FF
_WRT_OFF                          00003FFF
_XT_OSC                           00003FFD
__16F877A                         00000001
z0                                0000000A
z1                                0000000C
z4                                00000029
z5                                0000002B

Errors   :     0
Warnings :     7 reported,     0 suppressed
Messages :     2 reported,     0 suppressed

