Warning[205] D:\PROJE_ASM\5_7_MATRIX.X\5_7_MATRIX.ASM 1 : Found directive in column 1. (list)
Warning[207] D:\PROJE_ASM\5_7_MATRIX.X\5_7_MATRIX.ASM 4 : Found label after column 1. (SAYAC1)
Warning[207] D:\PROJE_ASM\5_7_MATRIX.X\5_7_MATRIX.ASM 5 : Found label after column 1. (SAYAC2)
Warning[207] D:\PROJE_ASM\5_7_MATRIX.X\5_7_MATRIX.ASM 6 : Found label after column 1. (SAYAC3)
Message[302] D:\PROJE_ASM\5_7_MATRIX.X\5_7_MATRIX.ASM 12 : Register in operand not in bank 0.  Ensure that bank bits are correct.
Message[302] D:\PROJE_ASM\5_7_MATRIX.X\5_7_MATRIX.ASM 14 : Register in operand not in bank 0.  Ensure that bank bits are correct.
Message[302] D:\PROJE_ASM\5_7_MATRIX.X\5_7_MATRIX.ASM 19 : Register in operand not in bank 0.  Ensure that bank bits are correct.
Message[302] D:\PROJE_ASM\5_7_MATRIX.X\5_7_MATRIX.ASM 22 : Register in operand not in bank 0.  Ensure that bank bits are correct.
Error[113]   D:\PROJE_ASM\5_7_MATRIX.X\5_7_MATRIX.ASM 26 : Symbol not previously defined (_num)
Error[113]   D:\PROJE_ASM\5_7_MATRIX.X\5_7_MATRIX.ASM 29 : Symbol not previously defined (_num)
Error[113]   D:\PROJE_ASM\5_7_MATRIX.X\5_7_MATRIX.ASM 33 : Symbol not previously defined (_repeat)
Warning[202] D:\PROJE_ASM\5_7_MATRIX.X\5_7_MATRIX.ASM 35 : Argument out of range.  Least significant bits used.
Error[113]   D:\PROJE_ASM\5_7_MATRIX.X\5_7_MATRIX.ASM 36 : Symbol not previously defined (_repeat)
Error[113]   D:\PROJE_ASM\5_7_MATRIX.X\5_7_MATRIX.ASM 41 : Symbol not previously defined (_column)
Warning[207] D:\PROJE_ASM\5_7_MATRIX.X\5_7_MATRIX.ASM 44 : Found label after column 1. (MULWF)
Error[122]   D:\PROJE_ASM\5_7_MATRIX.X\5_7_MATRIX.ASM 44 : Illegal opcode (_num)
Error[113]   D:\PROJE_ASM\5_7_MATRIX.X\5_7_MATRIX.ASM 45 : Symbol not previously defined (PRODL)
Error[113]   D:\PROJE_ASM\5_7_MATRIX.X\5_7_MATRIX.ASM 46 : Symbol not previously defined (_count)
Warning[207] D:\PROJE_ASM\5_7_MATRIX.X\5_7_MATRIX.ASM 49 : Found label after column 1. (MULWF)
Error[122]   D:\PROJE_ASM\5_7_MATRIX.X\5_7_MATRIX.ASM 49 : Illegal opcode (_num)
Error[113]   D:\PROJE_ASM\5_7_MATRIX.X\5_7_MATRIX.ASM 50 : Symbol not previously defined (PRODL)
Error[113]   D:\PROJE_ASM\5_7_MATRIX.X\5_7_MATRIX.ASM 51 : Symbol not previously defined (R0)
Error[113]   D:\PROJE_ASM\5_7_MATRIX.X\5_7_MATRIX.ASM 52 : Symbol not previously defined (PRODH)
Error[113]   D:\PROJE_ASM\5_7_MATRIX.X\5_7_MATRIX.ASM 53 : Symbol not previously defined (R1)
Error[113]   D:\PROJE_ASM\5_7_MATRIX.X\5_7_MATRIX.ASM 55 : Symbol not previously defined (R0)
Error[113]   D:\PROJE_ASM\5_7_MATRIX.X\5_7_MATRIX.ASM 56 : Symbol not previously defined (R2)
Warning[207] D:\PROJE_ASM\5_7_MATRIX.X\5_7_MATRIX.ASM 58 : Found label after column 1. (ADDWFC)
Error[122]   D:\PROJE_ASM\5_7_MATRIX.X\5_7_MATRIX.ASM 58 : Illegal opcode (R1)
Error[113]   D:\PROJE_ASM\5_7_MATRIX.X\5_7_MATRIX.ASM 59 : Symbol not previously defined (R3)
Warning[202] D:\PROJE_ASM\5_7_MATRIX.X\5_7_MATRIX.ASM 60 : Argument out of range.  Least significant bits used.
Error[113]   D:\PROJE_ASM\5_7_MATRIX.X\5_7_MATRIX.ASM 61 : Symbol not previously defined (R0)
Warning[202] D:\PROJE_ASM\5_7_MATRIX.X\5_7_MATRIX.ASM 62 : Argument out of range.  Least significant bits used.
Error[113]   D:\PROJE_ASM\5_7_MATRIX.X\5_7_MATRIX.ASM 63 : Symbol not previously defined (R3)
Error[113]   D:\PROJE_ASM\5_7_MATRIX.X\5_7_MATRIX.ASM 64 : Symbol not previously defined (R0)
Error[113]   D:\PROJE_ASM\5_7_MATRIX.X\5_7_MATRIX.ASM 67 : Symbol not previously defined (R2)
Error[113]   D:\PROJE_ASM\5_7_MATRIX.X\5_7_MATRIX.ASM 68 : Symbol not previously defined (_count)
Error[113]   D:\PROJE_ASM\5_7_MATRIX.X\5_7_MATRIX.ASM 73 : Symbol not previously defined (_Alphabets)
Error[113]   D:\PROJE_ASM\5_7_MATRIX.X\5_7_MATRIX.ASM 74 : Symbol not previously defined (FSR0L)
Error[113]   D:\PROJE_ASM\5_7_MATRIX.X\5_7_MATRIX.ASM 75 : Symbol not previously defined (hi_addr)
Error[113]   D:\PROJE_ASM\5_7_MATRIX.X\5_7_MATRIX.ASM 75 : Symbol not previously defined (_Alphabets)
Error[112]   D:\PROJE_ASM\5_7_MATRIX.X\5_7_MATRIX.ASM 75 : Missing operator
Error[113]   D:\PROJE_ASM\5_7_MATRIX.X\5_7_MATRIX.ASM 76 : Symbol not previously defined (FSR0H)
Error[113]   D:\PROJE_ASM\5_7_MATRIX.X\5_7_MATRIX.ASM 77 : Symbol not previously defined (_count)
Error[113]   D:\PROJE_ASM\5_7_MATRIX.X\5_7_MATRIX.ASM 78 : Symbol not previously defined (FSR0L)
Error[113]   D:\PROJE_ASM\5_7_MATRIX.X\5_7_MATRIX.ASM 80 : Symbol not previously defined (FSR0H)
Error[113]   D:\PROJE_ASM\5_7_MATRIX.X\5_7_MATRIX.ASM 81 : Symbol not previously defined (POSTINC0)
Error[113]   D:\PROJE_ASM\5_7_MATRIX.X\5_7_MATRIX.ASM 84 : Symbol not previously defined (_column)
Error[113]   D:\PROJE_ASM\5_7_MATRIX.X\5_7_MATRIX.ASM 88 : Symbol not previously defined (R12)
Error[108]   D:\PROJE_ASM\5_7_MATRIX.X\5_7_MATRIX.ASM 88 : Illegal character (,)
Warning[202] D:\PROJE_ASM\5_7_MATRIX.X\5_7_MATRIX.ASM 89 : Argument out of range.  Least significant bits used.
Error[113]   D:\PROJE_ASM\5_7_MATRIX.X\5_7_MATRIX.ASM 90 : Symbol not previously defined (R13)
Error[108]   D:\PROJE_ASM\5_7_MATRIX.X\5_7_MATRIX.ASM 90 : Illegal character (,)
Error[108]   D:\PROJE_ASM\5_7_MATRIX.X\5_7_MATRIX.ASM 92 : Illegal character (,)
Error[113]   D:\PROJE_ASM\5_7_MATRIX.X\5_7_MATRIX.ASM 92 : Symbol not previously defined (R13)
Warning[207] D:\PROJE_ASM\5_7_MATRIX.X\5_7_MATRIX.ASM 93 : Found label after column 1. (BRA)
Error[122]   D:\PROJE_ASM\5_7_MATRIX.X\5_7_MATRIX.ASM 93 : Illegal opcode (L_main12)
Error[108]   D:\PROJE_ASM\5_7_MATRIX.X\5_7_MATRIX.ASM 94 : Illegal character (,)
Error[113]   D:\PROJE_ASM\5_7_MATRIX.X\5_7_MATRIX.ASM 94 : Symbol not previously defined (R12)
Warning[207] D:\PROJE_ASM\5_7_MATRIX.X\5_7_MATRIX.ASM 95 : Found label after column 1. (BRA)
Error[122]   D:\PROJE_ASM\5_7_MATRIX.X\5_7_MATRIX.ASM 95 : Illegal opcode (L_main12)
Warning[207] D:\PROJE_ASM\5_7_MATRIX.X\5_7_MATRIX.ASM 98 : Found label after column 1. (RLCF)
Error[122]   D:\PROJE_ASM\5_7_MATRIX.X\5_7_MATRIX.ASM 98 : Illegal opcode (_column)
Error[113]   D:\PROJE_ASM\5_7_MATRIX.X\5_7_MATRIX.ASM 99 : Symbol not previously defined (_column)
Error[113]   D:\PROJE_ASM\5_7_MATRIX.X\5_7_MATRIX.ASM 101 : Symbol not previously defined (_count)
Error[113]   D:\PROJE_ASM\5_7_MATRIX.X\5_7_MATRIX.ASM 106 : Symbol not previously defined (_repeat)
Error[113]   D:\PROJE_ASM\5_7_MATRIX.X\5_7_MATRIX.ASM 111 : Symbol not previously defined (_num)
Error[113]   D:\PROJE_ASM\5_7_MATRIX.X\5_7_MATRIX.ASM 116 : Symbol not previously defined (_num)
Error[113]   D:\PROJE_ASM\5_7_MATRIX.X\5_7_MATRIX.ASM 119 : Symbol not previously defined (_num)
Error[113]   D:\PROJE_ASM\5_7_MATRIX.X\5_7_MATRIX.ASM 123 : Symbol not previously defined (_repeat)
Warning[202] D:\PROJE_ASM\5_7_MATRIX.X\5_7_MATRIX.ASM 125 : Argument out of range.  Least significant bits used.
Error[113]   D:\PROJE_ASM\5_7_MATRIX.X\5_7_MATRIX.ASM 126 : Symbol not previously defined (_repeat)
Error[113]   D:\PROJE_ASM\5_7_MATRIX.X\5_7_MATRIX.ASM 131 : Symbol not previously defined (_column)
Warning[207] D:\PROJE_ASM\5_7_MATRIX.X\5_7_MATRIX.ASM 134 : Found label after column 1. (MULWF)
Error[122]   D:\PROJE_ASM\5_7_MATRIX.X\5_7_MATRIX.ASM 134 : Illegal opcode (_num)
Error[113]   D:\PROJE_ASM\5_7_MATRIX.X\5_7_MATRIX.ASM 135 : Symbol not previously defined (PRODL)
Error[113]   D:\PROJE_ASM\5_7_MATRIX.X\5_7_MATRIX.ASM 136 : Symbol not previously defined (_count)
Warning[207] D:\PROJE_ASM\5_7_MATRIX.X\5_7_MATRIX.ASM 139 : Found label after column 1. (MULWF)
Error[122]   D:\PROJE_ASM\5_7_MATRIX.X\5_7_MATRIX.ASM 139 : Illegal opcode (_num)
Error[113]   D:\PROJE_ASM\5_7_MATRIX.X\5_7_MATRIX.ASM 140 : Symbol not previously defined (PRODL)
Error[113]   D:\PROJE_ASM\5_7_MATRIX.X\5_7_MATRIX.ASM 141 : Symbol not previously defined (R0)
Error[113]   D:\PROJE_ASM\5_7_MATRIX.X\5_7_MATRIX.ASM 142 : Symbol not previously defined (PRODH)
Error[113]   D:\PROJE_ASM\5_7_MATRIX.X\5_7_MATRIX.ASM 143 : Symbol not previously defined (R1)
Error[113]   D:\PROJE_ASM\5_7_MATRIX.X\5_7_MATRIX.ASM 145 : Symbol not previously defined (R0)
Error[113]   D:\PROJE_ASM\5_7_MATRIX.X\5_7_MATRIX.ASM 146 : Symbol not previously defined (R2)
Warning[207] D:\PROJE_ASM\5_7_MATRIX.X\5_7_MATRIX.ASM 148 : Found label after column 1. (ADDWFC)
Error[122]   D:\PROJE_ASM\5_7_MATRIX.X\5_7_MATRIX.ASM 148 : Illegal opcode (R1)
Error[113]   D:\PROJE_ASM\5_7_MATRIX.X\5_7_MATRIX.ASM 149 : Symbol not previously defined (R3)
Warning[202] D:\PROJE_ASM\5_7_MATRIX.X\5_7_MATRIX.ASM 150 : Argument out of range.  Least significant bits used.
Error[113]   D:\PROJE_ASM\5_7_MATRIX.X\5_7_MATRIX.ASM 151 : Symbol not previously defined (R0)
Warning[202] D:\PROJE_ASM\5_7_MATRIX.X\5_7_MATRIX.ASM 152 : Argument out of range.  Least significant bits used.
Error[113]   D:\PROJE_ASM\5_7_MATRIX.X\5_7_MATRIX.ASM 153 : Symbol not previously defined (R3)
Error[113]   D:\PROJE_ASM\5_7_MATRIX.X\5_7_MATRIX.ASM 154 : Symbol not previously defined (R0)
Error[113]   D:\PROJE_ASM\5_7_MATRIX.X\5_7_MATRIX.ASM 157 : Symbol not previously defined (R2)
Error[113]   D:\PROJE_ASM\5_7_MATRIX.X\5_7_MATRIX.ASM 158 : Symbol not previously defined (_count)
Error[113]   D:\PROJE_ASM\5_7_MATRIX.X\5_7_MATRIX.ASM 163 : Symbol not previously defined (_characters)
Error[113]   D:\PROJE_ASM\5_7_MATRIX.X\5_7_MATRIX.ASM 164 : Symbol not previously defined (_count)
Error[113]   D:\PROJE_ASM\5_7_MATRIX.X\5_7_MATRIX.ASM 165 : Symbol not previously defined (TBLPTRL)
Error[113]   D:\PROJE_ASM\5_7_MATRIX.X\5_7_MATRIX.ASM 166 : Symbol not previously defined (hi_addr)
Error[113]   D:\PROJE_ASM\5_7_MATRIX.X\5_7_MATRIX.ASM 166 : Symbol not previously defined (_characters)
Error[112]   D:\PROJE_ASM\5_7_MATRIX.X\5_7_MATRIX.ASM 166 : Missing operator
Error[113]   D:\PROJE_ASM\5_7_MATRIX.X\5_7_MATRIX.ASM 167 : Symbol not previously defined (TBLPTRH)
Warning[207] D:\PROJE_ASM\5_7_MATRIX.X\5_7_MATRIX.ASM 169 : Found label after column 1. (ADDWFC)
Error[122]   D:\PROJE_ASM\5_7_MATRIX.X\5_7_MATRIX.ASM 169 : Illegal opcode (TBLPTRH)
Error[113]   D:\PROJE_ASM\5_7_MATRIX.X\5_7_MATRIX.ASM 170 : Symbol not previously defined (higher_addr)
Error[113]   D:\PROJE_ASM\5_7_MATRIX.X\5_7_MATRIX.ASM 170 : Symbol not previously defined (_characters)
Error[112]   D:\PROJE_ASM\5_7_MATRIX.X\5_7_MATRIX.ASM 170 : Missing operator
Error[113]   D:\PROJE_ASM\5_7_MATRIX.X\5_7_MATRIX.ASM 171 : Symbol not previously defined (TBLPTRU)
Warning[207] D:\PROJE_ASM\5_7_MATRIX.X\5_7_MATRIX.ASM 173 : Found label after column 1. (ADDWFC)
Error[122]   D:\PROJE_ASM\5_7_MATRIX.X\5_7_MATRIX.ASM 173 : Illegal opcode (TBLPTRU)
Warning[207] D:\PROJE_ASM\5_7_MATRIX.X\5_7_MATRIX.ASM 174 : Found label after column 1. (TBLRD)
Error[108]   D:\PROJE_ASM\5_7_MATRIX.X\5_7_MATRIX.ASM 174 : Illegal character (*)
Warning[207] D:\PROJE_ASM\5_7_MATRIX.X\5_7_MATRIX.ASM 175 : Found label after column 1. (MOVFF)
Error[122]   D:\PROJE_ASM\5_7_MATRIX.X\5_7_MATRIX.ASM 175 : Illegal opcode (TABLAT)
Error[113]   D:\PROJE_ASM\5_7_MATRIX.X\5_7_MATRIX.ASM 177 : Symbol not previously defined (_column)
Error[113]   D:\PROJE_ASM\5_7_MATRIX.X\5_7_MATRIX.ASM 181 : Symbol not previously defined (R12)
Error[108]   D:\PROJE_ASM\5_7_MATRIX.X\5_7_MATRIX.ASM 181 : Illegal character (,)
Warning[202] D:\PROJE_ASM\5_7_MATRIX.X\5_7_MATRIX.ASM 182 : Argument out of range.  Least significant bits used.
Error[113]   D:\PROJE_ASM\5_7_MATRIX.X\5_7_MATRIX.ASM 183 : Symbol not previously defined (R13)
Error[108]   D:\PROJE_ASM\5_7_MATRIX.X\5_7_MATRIX.ASM 183 : Illegal character (,)
Error[108]   D:\PROJE_ASM\5_7_MATRIX.X\5_7_MATRIX.ASM 185 : Illegal character (,)
Error[113]   D:\PROJE_ASM\5_7_MATRIX.X\5_7_MATRIX.ASM 185 : Symbol not previously defined (R13)
Warning[207] D:\PROJE_ASM\5_7_MATRIX.X\5_7_MATRIX.ASM 186 : Found label after column 1. (BRA)
Error[122]   D:\PROJE_ASM\5_7_MATRIX.X\5_7_MATRIX.ASM 186 : Illegal opcode (L_main22)
Error[108]   D:\PROJE_ASM\5_7_MATRIX.X\5_7_MATRIX.ASM 187 : Illegal character (,)
Error[113]   D:\PROJE_ASM\5_7_MATRIX.X\5_7_MATRIX.ASM 187 : Symbol not previously defined (R12)
Warning[207] D:\PROJE_ASM\5_7_MATRIX.X\5_7_MATRIX.ASM 188 : Found label after column 1. (BRA)
Error[122]   D:\PROJE_ASM\5_7_MATRIX.X\5_7_MATRIX.ASM 188 : Illegal opcode (L_main22)
Warning[207] D:\PROJE_ASM\5_7_MATRIX.X\5_7_MATRIX.ASM 191 : Found label after column 1. (RLCF)
Error[122]   D:\PROJE_ASM\5_7_MATRIX.X\5_7_MATRIX.ASM 191 : Illegal opcode (_column)
Error[113]   D:\PROJE_ASM\5_7_MATRIX.X\5_7_MATRIX.ASM 192 : Symbol not previously defined (_column)
Error[113]   D:\PROJE_ASM\5_7_MATRIX.X\5_7_MATRIX.ASM 194 : Symbol not previously defined (_count)
Error[113]   D:\PROJE_ASM\5_7_MATRIX.X\5_7_MATRIX.ASM 199 : Symbol not previously defined (_repeat)
Error[113]   D:\PROJE_ASM\5_7_MATRIX.X\5_7_MATRIX.ASM 204 : Symbol not previously defined (_num)
Error[129]   D:\PROJE_ASM\5_7_MATRIX.X\5_7_MATRIX.ASM 213 : Expected (END)
