MPASM 5.68                TRAFIK_LAMBASI.ASM   11-20-2016  7:27:16         PAGE  1


LOC  OBJECT CODE     LINE SOURCE TEXT
  VALUE

Warning[205]: Found directive in column 1. (LIST)
                      00001 LIST P=16F877A
                      00002     INCLUDE<P16F877A.INC>
                      00001         LIST
                      00002 
                      00003 ;==========================================================================
                      00004 ; Build date : May 15 2016
                      00005 ;  MPASM PIC16F877A processor include
                      00006 ; 
                      00007 ;  (c) Copyright 1999-2016 Microchip Technology, All rights reserved
                      00008 ;==========================================================================
                      00009 
                      00567         LIST
                      00003     
Warning[207]: Found label after column 1. (SAY1)
  00000020            00004     SAY1 EQU H'020'
Warning[207]: Found label after column 1. (SAY2)
  00000021            00005     SAY2 EQU H'021'
                      00006  
Warning[207]: Found label after column 1. (SAY_1)
  00000022            00007     SAY_1 EQU H'022'
Warning[207]: Found label after column 1. (SAY_2)
  00000023            00008     SAY_2 EQU H'023'
Warning[207]: Found label after column 1. (SAY_3)
  00000024            00009     SAY_3 EQU H'024'
                      00010  
Warning[207]: Found label after column 1. (SARI)
  00000025            00011  SARI EQU H'025'
Warning[207]: Found label after column 1. (KIRMIZI)
  00000026            00012  KIRMIZI EQU H'026'
Warning[207]: Found label after column 1. (YESIL)
  00000027            00013  YESIL EQU H'027'
                      00014  
                      00015     ORG 0X00
                      00016 
                      00017  
0000   1683 1303      00018     BANKSEL TRISB
Message[302]: Register in operand not in bank 0.  Ensure that bank bits are correct.
0002   0186           00019     CLRF TRISB
                      00020  
0003   1283 1303      00021     BANKSEL PORTB
0005   0186           00022     CLRF PORTB
                      00023     
                      00024     ;;;
0006   3081           00025     MOVLW b'10000001'
0007   00A6           00026     MOVWF KIRMIZI
                      00027  
0008   3042           00028     MOVLW b'01000010'
0009   00A5           00029     MOVWF SARI
                      00030  
000A   3024           00031     MOVLW b'00100100'
000B   00A7           00032     MOVWF YESIL
                      00033  ;;;;;;;;;;;;;;;;;;;;;;;;
MPASM 5.68                TRAFIK_LAMBASI.ASM   11-20-2016  7:27:16         PAGE  2


LOC  OBJECT CODE     LINE SOURCE TEXT
  VALUE

000C   0826           00034 E11 MOVFW KIRMIZI
000D   0086           00035     MOVWF PORTB
000E   2???           00036     CALL GECIK_KIRMIZI
                      00037  
                      00038     ;CALL PORT_TEMIZLE
                      00039     
000F   0825           00040     MOVFW SARI
0010   0086           00041     MOVWF PORTB
                      00042     
0011   2???           00043     CALL GECIK_SARI
                      00044     
                      00045    ;CALL PORT_TEMIZLE
0012   0827           00046     MOVFW YESIL
0013   0086           00047     MOVWF PORTB
                      00048     
0014   2???           00049     CALL GECIK_YESIL
                      00050     
                      00051     ;CALL PORT_TEMIZLE
0015   2???           00052     GOTO E11
                      00053  ;;;;;;;;;;;;;;;;;;;;;
                      00054  ;PORT TEMIZLE
0016                  00055 PORT_TEMIZLE
0016   3000           00056     MOVLW .0
0017   0086           00057     MOVWF PORTB
0018   0008           00058     RETURN
                      00059  ;YAKLASIK 5 SANIYE
Warning[207]: Found label after column 1. (GECIK_SARI)
0019                  00060  GECIK_SARI
0019   3001           00061     MOVLW .1
001A   00A2           00062     MOVWF SAY_1
                      00063     
001B   30FF           00064 Z_0 MOVLW .255
001C   00A3           00065     MOVWF SAY_2
                      00066  
001D   30FF           00067 Z1 MOVLW .255
001E   00A4           00068     MOVWF SAY_3
001F   0BA4           00069 Z2 DECFSZ SAY_3,F
0020   2???           00070     GOTO Z2
                      00071  
0021   0BA3           00072     DECFSZ SAY_2,F
0022   2???           00073     GOTO Z1
0023   0BA2           00074     DECFSZ SAY_1,F
0024   2???           00075     GOTO Z_0
0025   0008           00076     RETURN
                      00077  
                      00078  ;YAKLASIK 9 SAN?YE
Warning[207]: Found label after column 1. (GECIK_KIRMIZI)
0026                  00079  GECIK_KIRMIZI
0026   3000           00080     MOVLW .0
0027   00A2           00081     MOVWF SAY_1
                      00082  
0028   30FF           00083 E_0  MOVLW .255
0029   00A3           00084     MOVWF SAY_2
MPASM 5.68                TRAFIK_LAMBASI.ASM   11-20-2016  7:27:16         PAGE  3


LOC  OBJECT CODE     LINE SOURCE TEXT
  VALUE

                      00085  
002A   30FF           00086 E_1 MOVLW .255
002B   00A4           00087     MOVWF SAY_3
002C   0BA4           00088 E_2 DECFSZ SAY_3 ,F
002D   2???           00089     GOTO E_2
002E   0BA3           00090     DECFSZ SAY_2,F
002F   2???           00091     GOTO E_1
0030   0BA2           00092     DECFSZ SAY_1,F
0031   2???           00093     GOTO E_0
0032   0008           00094     RETURN
                      00095     
                      00096     ;YAKLASIK 8 SANIYE
0033                  00097 GECIK_YESIL:
0033   3001           00098     MOVLW .1
0034   00A2           00099     MOVWF SAY_1
                      00100     
0035   30FF           00101 E_11 MOVLW .255
0036   00A3           00102     MOVWF SAY_2
                      00103     
0037   30FF           00104 E_22 MOVLW .255
0038   00A4           00105     MOVWF SAY_3
                      00106     
0039   0BA4           00107 E_33 DECFSZ SAY_3,F
003A   2???           00108     GOTO E_33
                      00109     
003B   0BA3           00110     DECFSZ SAY_2,F
003C   2???           00111     GOTO E_22
003D   0BA2           00112     DECFSZ SAY_1,F
003E   2???           00113     GOTO E_11
003F   0008           00114     RETURN
                      00115     END
MPASM 5.68                TRAFIK_LAMBASI.ASM   11-20-2016  7:27:16         PAGE  4


SYMBOL TABLE
  LABEL                             VALUE 

ACKDT                             00000005
ACKEN                             00000004
ACKSTAT                           00000006
ADCON0                            0000001F
ADCON1                            0000009F
ADCS0                             00000006
ADCS1                             00000007
ADCS2                             00000006
ADDEN                             00000003
ADFM                              00000007
ADIE                              00000006
ADIF                              00000006
ADON                              00000000
ADRESH                            0000001E
ADRESL                            0000009E
BCLIE                             00000003
BCLIF                             00000003
BF                                00000000
BRGH                              00000002
C                                 00000000
C1INV                             00000004
C1OUT                             00000006
C2INV                             00000005
C2OUT                             00000007
CCP1CON                           00000017
CCP1IE                            00000002
CCP1IF                            00000002
CCP1M0                            00000000
CCP1M1                            00000001
CCP1M2                            00000002
CCP1M3                            00000003
CCP1X                             00000005
CCP1Y                             00000004
CCP2CON                           0000001D
CCP2IE                            00000000
CCP2IF                            00000000
CCP2M0                            00000000
CCP2M1                            00000001
CCP2M2                            00000002
CCP2M3                            00000003
CCP2X                             00000005
CCP2Y                             00000004
CCPR1                             00000015
CCPR1H                            00000016
CCPR1L                            00000015
CCPR2                             0000001B
CCPR2H                            0000001C
CCPR2L                            0000001B
CHS0                              00000003
CHS1                              00000004
CHS2                              00000005
CIS                               00000003
CKE                               00000006
MPASM 5.68                TRAFIK_LAMBASI.ASM   11-20-2016  7:27:16         PAGE  5


SYMBOL TABLE
  LABEL                             VALUE 

CKP                               00000004
CM0                               00000000
CM1                               00000001
CM2                               00000002
CMCON                             0000009C
CMIE                              00000006
CMIF                              00000006
CREN                              00000004
CSRC                              00000007
CVR0                              00000000
CVR1                              00000001
CVR2                              00000002
CVR3                              00000003
CVRCON                            0000009D
CVREN                             00000007
CVROE                             00000006
CVRR                              00000005
D                                 00000005
DATA_ADDRESS                      00000005
DC                                00000001
D_A                               00000005
D_NOT_A                           00000005
E11                               0000000C
EEADR                             0000010D
EEADRH                            0000010F
EECON1                            0000018C
EECON2                            0000018D
EEDATA                            0000010C
EEDATH                            0000010E
EEIE                              00000004
EEIF                              00000004
EEPGD                             00000007
E_0                               00000028
E_1                               0000002A
E_11                              00000035
E_2                               0000002C
E_22                              00000037
E_33                              00000039
F                                 00000001
FERR                              00000002
FSR                               00000004
GCEN                              00000007
GECIK_KIRMIZI                     00000026
GECIK_SARI                        00000019
GECIK_YESIL                       00000033
GIE                               00000007
GO                                00000002
GO_DONE                           00000002
GO_NOT_DONE                       00000002
I2C_DATA                          00000005
I2C_READ                          00000002
I2C_START                         00000003
I2C_STOP                          00000004
MPASM 5.68                TRAFIK_LAMBASI.ASM   11-20-2016  7:27:16         PAGE  6


SYMBOL TABLE
  LABEL                             VALUE 

IBF                               00000007
IBOV                              00000005
INDF                              00000000
INTCON                            0000000B
INTE                              00000004
INTEDG                            00000006
INTF                              00000001
IRP                               00000007
KIRMIZI                           00000026
NOT_A                             00000005
NOT_ADDRESS                       00000005
NOT_BO                            00000000
NOT_BOR                           00000000
NOT_DONE                          00000002
NOT_PD                            00000003
NOT_POR                           00000001
NOT_RBPU                          00000007
NOT_RC8                           00000006
NOT_T1SYNC                        00000002
NOT_TO                            00000004
NOT_TX8                           00000006
NOT_W                             00000002
NOT_WRITE                         00000002
OBF                               00000006
OERR                              00000001
OPTION_REG                        00000081
P                                 00000004
PCFG0                             00000000
PCFG1                             00000001
PCFG2                             00000002
PCFG3                             00000003
PCL                               00000002
PCLATH                            0000000A
PCON                              0000008E
PEIE                              00000006
PEN                               00000002
PIE1                              0000008C
PIE2                              0000008D
PIR1                              0000000C
PIR2                              0000000D
PORTA                             00000005
PORTB                             00000006
PORTC                             00000007
PORTD                             00000008
PORTE                             00000009
PORT_TEMIZLE                      00000016
PR2                               00000092
PS0                               00000000
PS1                               00000001
PS2                               00000002
PSA                               00000003
PSPIE                             00000007
PSPIF                             00000007
MPASM 5.68                TRAFIK_LAMBASI.ASM   11-20-2016  7:27:16         PAGE  7


SYMBOL TABLE
  LABEL                             VALUE 

PSPMODE                           00000004
R                                 00000002
RA0                               00000000
RA1                               00000001
RA2                               00000002
RA3                               00000003
RA4                               00000004
RA5                               00000005
RB0                               00000000
RB1                               00000001
RB2                               00000002
RB3                               00000003
RB4                               00000004
RB5                               00000005
RB6                               00000006
RB7                               00000007
RBIE                              00000003
RBIF                              00000000
RC0                               00000000
RC1                               00000001
RC2                               00000002
RC3                               00000003
RC4                               00000004
RC5                               00000005
RC6                               00000006
RC7                               00000007
RC8_9                             00000006
RC9                               00000006
RCD8                              00000000
RCEN                              00000003
RCIE                              00000005
RCIF                              00000005
RCREG                             0000001A
RCSTA                             00000018
RD                                00000000
RD0                               00000000
RD1                               00000001
RD2                               00000002
RD3                               00000003
RD4                               00000004
RD5                               00000005
RD6                               00000006
RD7                               00000007
RE0                               00000000
RE1                               00000001
RE2                               00000002
READ_WRITE                        00000002
RP0                               00000005
RP1                               00000006
RSEN                              00000001
RX9                               00000006
RX9D                              00000000
R_NOT_W                           00000002
MPASM 5.68                TRAFIK_LAMBASI.ASM   11-20-2016  7:27:16         PAGE  8


SYMBOL TABLE
  LABEL                             VALUE 

R_W                               00000002
S                                 00000003
SARI                              00000025
SAY1                              00000020
SAY2                              00000021
SAY_1                             00000022
SAY_2                             00000023
SAY_3                             00000024
SEN                               00000000
SMP                               00000007
SPBRG                             00000099
SPEN                              00000007
SREN                              00000005
SSPADD                            00000093
SSPBUF                            00000013
SSPCON                            00000014
SSPCON2                           00000091
SSPEN                             00000005
SSPIE                             00000003
SSPIF                             00000003
SSPM0                             00000000
SSPM1                             00000001
SSPM2                             00000002
SSPM3                             00000003
SSPOV                             00000006
SSPSTAT                           00000094
STATUS                            00000003
SYNC                              00000004
T0CS                              00000005
T0IE                              00000005
T0IF                              00000002
T0SE                              00000004
T1CKPS0                           00000004
T1CKPS1                           00000005
T1CON                             00000010
T1INSYNC                          00000002
T1OSCEN                           00000003
T1SYNC                            00000002
T2CKPS0                           00000000
T2CKPS1                           00000001
T2CON                             00000012
TMR0                              00000001
TMR0IE                            00000005
TMR0IF                            00000002
TMR1                              0000000E
TMR1CS                            00000001
TMR1H                             0000000F
TMR1IE                            00000000
TMR1IF                            00000000
TMR1L                             0000000E
TMR1ON                            00000000
TMR2                              00000011
TMR2IE                            00000001
MPASM 5.68                TRAFIK_LAMBASI.ASM   11-20-2016  7:27:16         PAGE  9


SYMBOL TABLE
  LABEL                             VALUE 

TMR2IF                            00000001
TMR2ON                            00000002
TOUTPS0                           00000003
TOUTPS1                           00000004
TOUTPS2                           00000005
TOUTPS3                           00000006
TRISA                             00000085
TRISA0                            00000000
TRISA1                            00000001
TRISA2                            00000002
TRISA3                            00000003
TRISA4                            00000004
TRISA5                            00000005
TRISB                             00000086
TRISB0                            00000000
TRISB1                            00000001
TRISB2                            00000002
TRISB3                            00000003
TRISB4                            00000004
TRISB5                            00000005
TRISB6                            00000006
TRISB7                            00000007
TRISC                             00000087
TRISC0                            00000000
TRISC1                            00000001
TRISC2                            00000002
TRISC3                            00000003
TRISC4                            00000004
TRISC5                            00000005
TRISC6                            00000006
TRISC7                            00000007
TRISD                             00000088
TRISD0                            00000000
TRISD1                            00000001
TRISD2                            00000002
TRISD3                            00000003
TRISD4                            00000004
TRISD5                            00000005
TRISD6                            00000006
TRISD7                            00000007
TRISE                             00000089
TRISE0                            00000000
TRISE1                            00000001
TRISE2                            00000002
TRMT                              00000001
TX8_9                             00000006
TX9                               00000006
TX9D                              00000000
TXD8                              00000000
TXEN                              00000005
TXIE                              00000004
TXIF                              00000004
TXREG                             00000019
MPASM 5.68                TRAFIK_LAMBASI.ASM   11-20-2016  7:27:16         PAGE 10


SYMBOL TABLE
  LABEL                             VALUE 

TXSTA                             00000098
UA                                00000001
W                                 00000000
WCOL                              00000007
WR                                00000001
WREN                              00000002
WRERR                             00000003
YESIL                             00000027
Z                                 00000002
Z1                                0000001D
Z2                                0000001F
Z_0                               0000001B
_BODEN_OFF                        00003FBF
_BODEN_ON                         00003FFF
_BOREN_OFF                        00003FBF
_BOREN_ON                         00003FFF
_CONFIG                           00002007
_CPD_OFF                          00003FFF
_CPD_ON                           00003EFF
_CP_ALL                           00001FFF
_CP_OFF                           00003FFF
_CP_ON                            00001FFF
_DEBUG_OFF                        00003FFF
_DEBUG_ON                         000037FF
_DEVID1                           00002006
_FOSC_EXTRC                       00003FFF
_FOSC_HS                          00003FFE
_FOSC_LP                          00003FFC
_FOSC_XT                          00003FFD
_HS_OSC                           00003FFE
_IDLOC0                           00002000
_IDLOC1                           00002001
_IDLOC2                           00002002
_IDLOC3                           00002003
_LP_OSC                           00003FFC
_LVP_OFF                          00003F7F
_LVP_ON                           00003FFF
_PWRTE_OFF                        00003FFF
_PWRTE_ON                         00003FF7
_RC_OSC                           00003FFF
_WDTE_OFF                         00003FFB
_WDTE_ON                          00003FFF
_WDT_OFF                          00003FFB
_WDT_ON                           00003FFF
_WRT_1FOURTH                      00003BFF
_WRT_256                          00003DFF
_WRT_HALF                         000039FF
_WRT_OFF                          00003FFF
_XT_OSC                           00003FFD
__16F877A                         00000001

MPASM 5.68                TRAFIK_LAMBASI.ASM   11-20-2016  7:27:16         PAGE 11





Errors   :     0
Warnings :    11 reported,     0 suppressed
Messages :     1 reported,     0 suppressed

